2024-01-08 13:05:02,489 [Worker-4: Loading available Gradle versions] INFO  o.e.b.c.i.u.g.PublishedGradleVersions - Gradle version information cache is out-of-date. Trying to update.
2024-01-08 13:05:03,469 [Worker-4: Loading available Gradle versions] INFO  o.e.b.c.i.u.g.PublishedGradleVersions - Updating Gradle version information cache failed. Using outdated cache.
2024-01-08 13:19:12,767 [Worker-5: Loading available Gradle versions] INFO  o.e.b.c.i.u.g.PublishedGradleVersions - Gradle version information cache is out-of-date. Trying to update.
2024-01-08 13:19:13,835 [Worker-5: Loading available Gradle versions] INFO  o.e.b.c.i.u.g.PublishedGradleVersions - Updating Gradle version information cache failed. Using outdated cache.
2024-01-08 13:19:48,866 [Worker-1: Loading available Gradle versions] INFO  o.e.b.c.i.u.g.PublishedGradleVersions - Gradle version information cache is out-of-date. Trying to update.
2024-01-08 13:21:10,345 [Worker-1: Launching mavenrun-f478317b-b031-4778-b879-020cd0267905] INFO  o.eclipse.m2e.core.internal.Bundles - getClasspathEntries(Bundle=org.eclipse.m2e.maven.runtime_3.9.500.20231113-2345 [1521])
2024-01-08 13:21:10,349 [Worker-1: Launching mavenrun-f478317b-b031-4778-b879-020cd0267905] INFO  o.eclipse.m2e.core.internal.Bundles - 	Entry: C:\Users\WIN 10\.p2\pool\plugins\org.eclipse.m2e.maven.runtime_3.9.500.20231113-2345
2024-01-08 13:21:10,350 [Worker-1: Launching mavenrun-f478317b-b031-4778-b879-020cd0267905] INFO  o.eclipse.m2e.core.internal.Bundles - 	Entry: C:\Users\WIN 10\.p2\pool\plugins\org.eclipse.m2e.maven.runtime_3.9.500.20231113-2345\jars\aopalliance-1.0.jar
2024-01-08 13:21:10,350 [Worker-1: Launching mavenrun-f478317b-b031-4778-b879-020cd0267905] INFO  o.eclipse.m2e.core.internal.Bundles - 	Entry: C:\Users\WIN 10\.p2\pool\plugins\org.eclipse.m2e.maven.runtime_3.9.500.20231113-2345\jars\guice-5.1.0.jar
2024-01-08 13:21:10,350 [Worker-1: Launching mavenrun-f478317b-b031-4778-b879-020cd0267905] INFO  o.eclipse.m2e.core.internal.Bundles - 	Entry: C:\Users\WIN 10\.p2\pool\plugins\org.eclipse.m2e.maven.runtime_3.9.500.20231113-2345\jars\httpclient-4.5.14.jar
2024-01-08 13:21:10,351 [Worker-1: Launching mavenrun-f478317b-b031-4778-b879-020cd0267905] INFO  o.eclipse.m2e.core.internal.Bundles - 	Entry: C:\Users\WIN 10\.p2\pool\plugins\org.eclipse.m2e.maven.runtime_3.9.500.20231113-2345\jars\httpcore-4.4.16.jar
2024-01-08 13:21:10,351 [Worker-1: Launching mavenrun-f478317b-b031-4778-b879-020cd0267905] INFO  o.eclipse.m2e.core.internal.Bundles - 	Entry: C:\Users\WIN 10\.p2\pool\plugins\org.eclipse.m2e.maven.runtime_3.9.500.20231113-2345\jars\jansi-2.4.0.jar
2024-01-08 13:21:10,352 [Worker-1: Launching mavenrun-f478317b-b031-4778-b879-020cd0267905] INFO  o.eclipse.m2e.core.internal.Bundles - 	Entry: C:\Users\WIN 10\.p2\pool\plugins\org.eclipse.m2e.maven.runtime_3.9.500.20231113-2345\jars\jcl-over-slf4j-1.7.36.jar
2024-01-08 13:21:10,352 [Worker-1: Launching mavenrun-f478317b-b031-4778-b879-020cd0267905] INFO  o.eclipse.m2e.core.internal.Bundles - 	Entry: C:\Users\WIN 10\.p2\pool\plugins\org.eclipse.m2e.maven.runtime_3.9.500.20231113-2345\jars\maven-artifact-3.9.5.jar
2024-01-08 13:21:10,352 [Worker-1: Launching mavenrun-f478317b-b031-4778-b879-020cd0267905] INFO  o.eclipse.m2e.core.internal.Bundles - 	Entry: C:\Users\WIN 10\.p2\pool\plugins\org.eclipse.m2e.maven.runtime_3.9.500.20231113-2345\jars\maven-builder-support-3.9.5.jar
2024-01-08 13:21:10,353 [Worker-1: Launching mavenrun-f478317b-b031-4778-b879-020cd0267905] INFO  o.eclipse.m2e.core.internal.Bundles - 	Entry: C:\Users\WIN 10\.p2\pool\plugins\org.eclipse.m2e.maven.runtime_3.9.500.20231113-2345\jars\maven-compat-3.9.5.jar
2024-01-08 13:21:10,353 [Worker-1: Launching mavenrun-f478317b-b031-4778-b879-020cd0267905] INFO  o.eclipse.m2e.core.internal.Bundles - 	Entry: C:\Users\WIN 10\.p2\pool\plugins\org.eclipse.m2e.maven.runtime_3.9.500.20231113-2345\jars\maven-core-3.9.5.jar
2024-01-08 13:21:10,353 [Worker-1: Launching mavenrun-f478317b-b031-4778-b879-020cd0267905] INFO  o.eclipse.m2e.core.internal.Bundles - 	Entry: C:\Users\WIN 10\.p2\pool\plugins\org.eclipse.m2e.maven.runtime_3.9.500.20231113-2345\jars\maven-embedder-3.9.5.jar
2024-01-08 13:21:10,354 [Worker-1: Launching mavenrun-f478317b-b031-4778-b879-020cd0267905] INFO  o.eclipse.m2e.core.internal.Bundles - 	Entry: C:\Users\WIN 10\.p2\pool\plugins\org.eclipse.m2e.maven.runtime_3.9.500.20231113-2345\jars\maven-model-3.9.5.jar
2024-01-08 13:21:10,355 [Worker-1: Launching mavenrun-f478317b-b031-4778-b879-020cd0267905] INFO  o.eclipse.m2e.core.internal.Bundles - 	Entry: C:\Users\WIN 10\.p2\pool\plugins\org.eclipse.m2e.maven.runtime_3.9.500.20231113-2345\jars\maven-model-builder-3.9.5.jar
2024-01-08 13:21:10,355 [Worker-1: Launching mavenrun-f478317b-b031-4778-b879-020cd0267905] INFO  o.eclipse.m2e.core.internal.Bundles - 	Entry: C:\Users\WIN 10\.p2\pool\plugins\org.eclipse.m2e.maven.runtime_3.9.500.20231113-2345\jars\maven-plugin-api-3.9.5.jar
2024-01-08 13:21:10,355 [Worker-1: Launching mavenrun-f478317b-b031-4778-b879-020cd0267905] INFO  o.eclipse.m2e.core.internal.Bundles - 	Entry: C:\Users\WIN 10\.p2\pool\plugins\org.eclipse.m2e.maven.runtime_3.9.500.20231113-2345\jars\maven-repository-metadata-3.9.5.jar
2024-01-08 13:21:10,384 [Worker-1: Launching mavenrun-f478317b-b031-4778-b879-020cd0267905] INFO  o.eclipse.m2e.core.internal.Bundles - 	Entry: C:\Users\WIN 10\.p2\pool\plugins\org.eclipse.m2e.maven.runtime_3.9.500.20231113-2345\jars\maven-resolver-api-1.9.16.jar
2024-01-08 13:21:10,385 [Worker-1: Launching mavenrun-f478317b-b031-4778-b879-020cd0267905] INFO  o.eclipse.m2e.core.internal.Bundles - 	Entry: C:\Users\WIN 10\.p2\pool\plugins\org.eclipse.m2e.maven.runtime_3.9.500.20231113-2345\jars\maven-resolver-connector-basic-1.9.16.jar
2024-01-08 13:21:10,385 [Worker-1: Launching mavenrun-f478317b-b031-4778-b879-020cd0267905] INFO  o.eclipse.m2e.core.internal.Bundles - 	Entry: C:\Users\WIN 10\.p2\pool\plugins\org.eclipse.m2e.maven.runtime_3.9.500.20231113-2345\jars\maven-resolver-impl-1.9.16.jar
2024-01-08 13:21:10,385 [Worker-1: Launching mavenrun-f478317b-b031-4778-b879-020cd0267905] INFO  o.eclipse.m2e.core.internal.Bundles - 	Entry: C:\Users\WIN 10\.p2\pool\plugins\org.eclipse.m2e.maven.runtime_3.9.500.20231113-2345\jars\maven-resolver-named-locks-1.9.16.jar
2024-01-08 13:21:10,386 [Worker-1: Launching mavenrun-f478317b-b031-4778-b879-020cd0267905] INFO  o.eclipse.m2e.core.internal.Bundles - 	Entry: C:\Users\WIN 10\.p2\pool\plugins\org.eclipse.m2e.maven.runtime_3.9.500.20231113-2345\jars\maven-resolver-provider-3.9.5.jar
2024-01-08 13:21:10,386 [Worker-1: Launching mavenrun-f478317b-b031-4778-b879-020cd0267905] INFO  o.eclipse.m2e.core.internal.Bundles - 	Entry: C:\Users\WIN 10\.p2\pool\plugins\org.eclipse.m2e.maven.runtime_3.9.500.20231113-2345\jars\maven-resolver-spi-1.9.16.jar
2024-01-08 13:21:10,386 [Worker-1: Launching mavenrun-f478317b-b031-4778-b879-020cd0267905] INFO  o.eclipse.m2e.core.internal.Bundles - 	Entry: C:\Users\WIN 10\.p2\pool\plugins\org.eclipse.m2e.maven.runtime_3.9.500.20231113-2345\jars\maven-resolver-transport-file-1.9.16.jar
2024-01-08 13:21:10,387 [Worker-1: Launching mavenrun-f478317b-b031-4778-b879-020cd0267905] INFO  o.eclipse.m2e.core.internal.Bundles - 	Entry: C:\Users\WIN 10\.p2\pool\plugins\org.eclipse.m2e.maven.runtime_3.9.500.20231113-2345\jars\maven-resolver-transport-http-1.9.16.jar
2024-01-08 13:21:10,394 [Worker-1: Launching mavenrun-f478317b-b031-4778-b879-020cd0267905] INFO  o.eclipse.m2e.core.internal.Bundles - 	Entry: C:\Users\WIN 10\.p2\pool\plugins\org.eclipse.m2e.maven.runtime_3.9.500.20231113-2345\jars\maven-resolver-transport-wagon-1.9.16.jar
2024-01-08 13:21:10,395 [Worker-1: Launching mavenrun-f478317b-b031-4778-b879-020cd0267905] INFO  o.eclipse.m2e.core.internal.Bundles - 	Entry: C:\Users\WIN 10\.p2\pool\plugins\org.eclipse.m2e.maven.runtime_3.9.500.20231113-2345\jars\maven-resolver-util-1.9.16.jar
2024-01-08 13:21:10,395 [Worker-1: Launching mavenrun-f478317b-b031-4778-b879-020cd0267905] INFO  o.eclipse.m2e.core.internal.Bundles - 	Entry: C:\Users\WIN 10\.p2\pool\plugins\org.eclipse.m2e.maven.runtime_3.9.500.20231113-2345\jars\maven-settings-3.9.5.jar
2024-01-08 13:21:10,396 [Worker-1: Launching mavenrun-f478317b-b031-4778-b879-020cd0267905] INFO  o.eclipse.m2e.core.internal.Bundles - 	Entry: C:\Users\WIN 10\.p2\pool\plugins\org.eclipse.m2e.maven.runtime_3.9.500.20231113-2345\jars\maven-settings-builder-3.9.5.jar
2024-01-08 13:21:10,396 [Worker-1: Launching mavenrun-f478317b-b031-4778-b879-020cd0267905] INFO  o.eclipse.m2e.core.internal.Bundles - 	Entry: C:\Users\WIN 10\.p2\pool\plugins\org.eclipse.m2e.maven.runtime_3.9.500.20231113-2345\jars\maven-shared-utils-3.3.4.jar
2024-01-08 13:21:10,396 [Worker-1: Launching mavenrun-f478317b-b031-4778-b879-020cd0267905] INFO  o.eclipse.m2e.core.internal.Bundles - 	Entry: C:\Users\WIN 10\.p2\pool\plugins\org.eclipse.m2e.maven.runtime_3.9.500.20231113-2345\jars\org.eclipse.sisu.inject-0.3.5.jar
2024-01-08 13:21:10,397 [Worker-1: Launching mavenrun-f478317b-b031-4778-b879-020cd0267905] INFO  o.eclipse.m2e.core.internal.Bundles - 	Entry: C:\Users\WIN 10\.p2\pool\plugins\org.eclipse.m2e.maven.runtime_3.9.500.20231113-2345\jars\org.eclipse.sisu.plexus-0.3.5.jar
2024-01-08 13:21:10,397 [Worker-1: Launching mavenrun-f478317b-b031-4778-b879-020cd0267905] INFO  o.eclipse.m2e.core.internal.Bundles - 	Entry: C:\Users\WIN 10\.p2\pool\plugins\org.eclipse.m2e.maven.runtime_3.9.500.20231113-2345\jars\plexus-build-api-0.0.7.jar
2024-01-08 13:21:10,397 [Worker-1: Launching mavenrun-f478317b-b031-4778-b879-020cd0267905] INFO  o.eclipse.m2e.core.internal.Bundles - 	Entry: C:\Users\WIN 10\.p2\pool\plugins\org.eclipse.m2e.maven.runtime_3.9.500.20231113-2345\jars\plexus-cipher-2.0.jar
2024-01-08 13:21:10,398 [Worker-1: Launching mavenrun-f478317b-b031-4778-b879-020cd0267905] INFO  o.eclipse.m2e.core.internal.Bundles - 	Entry: C:\Users\WIN 10\.p2\pool\plugins\org.eclipse.m2e.maven.runtime_3.9.500.20231113-2345\jars\plexus-classworlds-2.7.0.jar
2024-01-08 13:21:10,398 [Worker-1: Launching mavenrun-f478317b-b031-4778-b879-020cd0267905] INFO  o.eclipse.m2e.core.internal.Bundles - 	Entry: C:\Users\WIN 10\.p2\pool\plugins\org.eclipse.m2e.maven.runtime_3.9.500.20231113-2345\jars\plexus-component-annotations-2.1.0.jar
2024-01-08 13:21:10,399 [Worker-1: Launching mavenrun-f478317b-b031-4778-b879-020cd0267905] INFO  o.eclipse.m2e.core.internal.Bundles - 	Entry: C:\Users\WIN 10\.p2\pool\plugins\org.eclipse.m2e.maven.runtime_3.9.500.20231113-2345\jars\plexus-interpolation-1.26.jar
2024-01-08 13:21:10,399 [Worker-1: Launching mavenrun-f478317b-b031-4778-b879-020cd0267905] INFO  o.eclipse.m2e.core.internal.Bundles - 	Entry: C:\Users\WIN 10\.p2\pool\plugins\org.eclipse.m2e.maven.runtime_3.9.500.20231113-2345\jars\plexus-sec-dispatcher-2.0.jar
2024-01-08 13:21:10,399 [Worker-1: Launching mavenrun-f478317b-b031-4778-b879-020cd0267905] INFO  o.eclipse.m2e.core.internal.Bundles - 	Entry: C:\Users\WIN 10\.p2\pool\plugins\org.eclipse.m2e.maven.runtime_3.9.500.20231113-2345\jars\plexus-utils-3.5.1.jar
2024-01-08 13:21:10,400 [Worker-1: Launching mavenrun-f478317b-b031-4778-b879-020cd0267905] INFO  o.eclipse.m2e.core.internal.Bundles - 	Entry: C:\Users\WIN 10\.p2\pool\plugins\org.eclipse.m2e.maven.runtime_3.9.500.20231113-2345\jars\wagon-file-3.5.3.jar
2024-01-08 13:21:10,400 [Worker-1: Launching mavenrun-f478317b-b031-4778-b879-020cd0267905] INFO  o.eclipse.m2e.core.internal.Bundles - 	Entry: C:\Users\WIN 10\.p2\pool\plugins\org.eclipse.m2e.maven.runtime_3.9.500.20231113-2345\jars\wagon-http-3.5.3.jar
2024-01-08 13:21:10,401 [Worker-1: Launching mavenrun-f478317b-b031-4778-b879-020cd0267905] INFO  o.eclipse.m2e.core.internal.Bundles - 	Entry: C:\Users\WIN 10\.p2\pool\plugins\org.eclipse.m2e.maven.runtime_3.9.500.20231113-2345\jars\wagon-http-shared-3.5.3.jar
2024-01-08 13:21:10,401 [Worker-1: Launching mavenrun-f478317b-b031-4778-b879-020cd0267905] INFO  o.eclipse.m2e.core.internal.Bundles - 	Entry: C:\Users\WIN 10\.p2\pool\plugins\org.eclipse.m2e.maven.runtime_3.9.500.20231113-2345\jars\wagon-provider-api-3.5.3.jar
2024-01-08 13:21:10,403 [Worker-1: Launching mavenrun-f478317b-b031-4778-b879-020cd0267905] INFO  o.eclipse.m2e.core.internal.Bundles - getClasspathEntries(Bundle=com.google.guava_32.1.3.jre [1159])
2024-01-08 13:21:10,404 [Worker-1: Launching mavenrun-f478317b-b031-4778-b879-020cd0267905] INFO  o.eclipse.m2e.core.internal.Bundles - 	Entry: C:\Users\WIN 10\.p2\pool\plugins\com.google.guava_32.1.3.jre.jar
2024-01-08 13:21:10,404 [Worker-1: Launching mavenrun-f478317b-b031-4778-b879-020cd0267905] INFO  o.eclipse.m2e.core.internal.Bundles - getClasspathEntries(Bundle=slf4j.api_2.0.9 [982])
2024-01-08 13:21:10,405 [Worker-1: Launching mavenrun-f478317b-b031-4778-b879-020cd0267905] INFO  o.eclipse.m2e.core.internal.Bundles - 	Entry: C:\Users\WIN 10\.p2\pool\plugins\slf4j.api_2.0.9.jar
2024-01-08 13:21:10,405 [Worker-1: Launching mavenrun-f478317b-b031-4778-b879-020cd0267905] INFO  o.eclipse.m2e.core.internal.Bundles - getClasspathEntries(Bundle=javax.inject_1.0.0.v20220405-0441 [38])
2024-01-08 13:21:10,406 [Worker-1: Launching mavenrun-f478317b-b031-4778-b879-020cd0267905] INFO  o.eclipse.m2e.core.internal.Bundles - 	Entry: C:\Users\WIN 10\.p2\pool\plugins\javax.inject_1.0.0.v20220405-0441.jar
2024-01-08 13:21:10,406 [Worker-1: Launching mavenrun-f478317b-b031-4778-b879-020cd0267905] INFO  o.eclipse.m2e.core.internal.Bundles - getClasspathEntries(Bundle=javax.annotation_1.3.5.v20230504-0748 [1173])
2024-01-08 13:21:10,407 [Worker-1: Launching mavenrun-f478317b-b031-4778-b879-020cd0267905] INFO  o.eclipse.m2e.core.internal.Bundles - 	Entry: C:\Users\WIN 10\.p2\pool\plugins\javax.annotation_1.3.5.v20230504-0748.jar
2024-01-08 13:21:10,407 [Worker-1: Launching mavenrun-f478317b-b031-4778-b879-020cd0267905] INFO  o.eclipse.m2e.core.internal.Bundles - getClasspathEntries(Bundle=org.apache.commons.cli_1.6.0 [1194])
2024-01-08 13:21:10,408 [Worker-1: Launching mavenrun-f478317b-b031-4778-b879-020cd0267905] INFO  o.eclipse.m2e.core.internal.Bundles - 	Entry: C:\Users\WIN 10\.p2\pool\plugins\org.apache.commons.cli_1.6.0.jar
2024-01-08 13:21:10,408 [Worker-1: Launching mavenrun-f478317b-b031-4778-b879-020cd0267905] INFO  o.eclipse.m2e.core.internal.Bundles - getClasspathEntries(Bundle=org.apache.commons.commons-codec_1.16.0 [76])
2024-01-08 13:21:10,408 [Worker-1: Launching mavenrun-f478317b-b031-4778-b879-020cd0267905] INFO  o.eclipse.m2e.core.internal.Bundles - 	Entry: C:\Users\WIN 10\.p2\pool\plugins\org.apache.commons.commons-codec_1.16.0.jar
2024-01-08 13:21:10,408 [Worker-1: Launching mavenrun-f478317b-b031-4778-b879-020cd0267905] INFO  o.eclipse.m2e.core.internal.Bundles - getClasspathEntries(Bundle=org.apache.commons.lang3_3.13.0 [1198])
2024-01-08 13:21:10,409 [Worker-1: Launching mavenrun-f478317b-b031-4778-b879-020cd0267905] INFO  o.eclipse.m2e.core.internal.Bundles - 	Entry: C:\Users\WIN 10\.p2\pool\plugins\org.apache.commons.lang3_3.13.0.jar
2024-01-08 13:21:10,409 [Worker-1: Launching mavenrun-f478317b-b031-4778-b879-020cd0267905] INFO  o.eclipse.m2e.core.internal.Bundles - getClasspathEntries(Bundle=com.google.guava.failureaccess_1.0.2 [1160])
2024-01-08 13:21:10,410 [Worker-1: Launching mavenrun-f478317b-b031-4778-b879-020cd0267905] INFO  o.eclipse.m2e.core.internal.Bundles - 	Entry: C:\Users\WIN 10\.p2\pool\plugins\com.google.guava.failureaccess_1.0.2.jar
2024-01-08 13:21:10,420 [Worker-1: Launching mavenrun-f478317b-b031-4778-b879-020cd0267905] INFO  o.e.m.i.launch.MavenLaunchDelegate - Run build in "C:\Users\WIN10~1\AppData\Local\Temp\m2e-archetypeGenerator18238803735772205158":
2024-01-08 13:21:10,427 [Worker-1: Launching mavenrun-f478317b-b031-4778-b879-020cd0267905] INFO  o.e.m.i.launch.MavenLaunchDelegate -  mvn  -DarchetypeGroupId=org.apache.maven.archetypes -DarchetypeArtifactId=maven-archetype-quickstart -DarchetypeVersion=1.1 -DgroupId=com.jsp.spring -DartifactId=SpringProject1 -Dversion=0.0.1-SNAPSHOT -Dpackage=com.jsp.spring -DoutputDirectory=E:\eclipse-workspace-spring -Dstyle.color=always -U archetype:generate
2024-01-08 13:22:27,862 [Worker-3: Creating maven-archetype-quickstart] INFO  o.e.m.c.i.p.ProjectConfigurationManager - Collecting project info '/pom.xml' E:\eclipse-workspace-spring\SpringProject1\pom.xml
2024-01-08 13:22:29,206 [Worker-3: Creating maven-archetype-quickstart] INFO  o.e.m.c.i.l.LifecycleMappingFactory - Using org.eclipse.m2e.jdt.JarLifecycleMapping lifecycle mapping for MavenProject: com.jsp.spring:SpringProject1:0.0.1-SNAPSHOT @ E:\eclipse-workspace-spring\SpringProject1\pom.xml.
2024-01-08 13:22:30,736 [Worker-3: Creating maven-archetype-quickstart] INFO  o.e.m.j.i.AbstractJavaProjectConfigurator - Adding source folder /SpringProject1/src/main/java
2024-01-08 13:22:30,737 [Worker-3: Creating maven-archetype-quickstart] INFO  o.e.m.j.i.AbstractJavaProjectConfigurator - Adding resource folder /SpringProject1/src/main/resources
2024-01-08 13:22:30,753 [Worker-3: Creating maven-archetype-quickstart] INFO  o.e.m.j.i.AbstractJavaProjectConfigurator - Adding source folder /SpringProject1/src/test/java
2024-01-08 13:22:30,754 [Worker-3: Creating maven-archetype-quickstart] INFO  o.e.m.j.i.AbstractJavaProjectConfigurator - Adding resource folder /SpringProject1/src/test/resources
2024-01-08 13:22:30,976 [Worker-3: Creating maven-archetype-quickstart] INFO  o.e.m.c.i.p.ProjectConfigurationManager - Imported and configured 1 project(s) in 3 sec
2024-01-08 13:22:32,929 [Worker-13: Building] INFO  o.a.m.s.f.DefaultMavenResourcesFiltering - skip non existing resourceDirectory E:\eclipse-workspace-spring\SpringProject1\src\main\resources
2024-01-08 13:22:32,936 [Worker-13: Building] INFO  o.a.m.s.f.DefaultMavenResourcesFiltering - skip non existing resourceDirectory E:\eclipse-workspace-spring\SpringProject1\src\test\resources
2024-01-08 13:22:49,558 [Worker-3: Building] INFO  o.e.m.c.i.l.LifecycleMappingFactory - Using org.eclipse.m2e.jdt.JarLifecycleMapping lifecycle mapping for MavenProject: com.jsp.spring:SpringProject1:0.0.1-SNAPSHOT @ E:\eclipse-workspace-spring\SpringProject1\pom.xml.
2024-01-08 13:22:51,652 [Worker-3: Building] INFO  o.a.m.s.f.DefaultMavenResourcesFiltering - skip non existing resourceDirectory E:\eclipse-workspace-spring\SpringProject1\src\main\resources
2024-01-08 13:22:51,668 [Worker-3: Building] INFO  o.a.m.s.f.DefaultMavenResourcesFiltering - skip non existing resourceDirectory E:\eclipse-workspace-spring\SpringProject1\src\test\resources
2024-01-08 13:23:37,580 [Worker-8: Building] INFO  o.e.m.c.i.l.LifecycleMappingFactory - Using org.eclipse.m2e.jdt.JarLifecycleMapping lifecycle mapping for MavenProject: com.jsp.spring:SpringProject1:0.0.1-SNAPSHOT @ E:\eclipse-workspace-spring\SpringProject1\pom.xml.
2024-01-08 13:23:40,263 [Worker-8: Building] INFO  o.a.m.s.f.DefaultMavenResourcesFiltering - skip non existing resourceDirectory E:\eclipse-workspace-spring\SpringProject1\src\main\resources
2024-01-08 13:23:40,272 [Worker-8: Building] INFO  o.a.m.s.f.DefaultMavenResourcesFiltering - skip non existing resourceDirectory E:\eclipse-workspace-spring\SpringProject1\src\test\resources
2024-01-08 13:24:07,085 [Worker-12: Building] INFO  o.e.m.c.i.l.LifecycleMappingFactory - Using org.eclipse.m2e.jdt.JarLifecycleMapping lifecycle mapping for MavenProject: com.jsp.spring:SpringProject1:0.0.1-SNAPSHOT @ E:\eclipse-workspace-spring\SpringProject1\pom.xml.
2024-01-08 13:24:08,134 [Worker-12: Building] INFO  o.a.m.s.f.DefaultMavenResourcesFiltering - skip non existing resourceDirectory E:\eclipse-workspace-spring\SpringProject1\src\main\resources
2024-01-08 13:24:08,141 [Worker-12: Building] INFO  o.a.m.s.f.DefaultMavenResourcesFiltering - skip non existing resourceDirectory E:\eclipse-workspace-spring\SpringProject1\src\test\resources
2024-01-08 13:24:18,934 [Worker-8: Updating Maven Project] INFO  o.e.m.c.i.p.ProjectConfigurationManager - Update started
2024-01-08 13:24:19,332 [Worker-8: Updating Maven Project] INFO  o.e.m.c.i.l.LifecycleMappingFactory - Using org.eclipse.m2e.jdt.JarLifecycleMapping lifecycle mapping for MavenProject: com.jsp.spring:SpringProject1:0.0.1-SNAPSHOT @ E:\eclipse-workspace-spring\SpringProject1\pom.xml.
2024-01-08 13:24:20,540 [Worker-8: Updating Maven Project] INFO  o.e.m.j.i.AbstractJavaProjectConfigurator - Adding source folder /SpringProject1/src/main/java
2024-01-08 13:24:20,540 [Worker-8: Updating Maven Project] INFO  o.e.m.j.i.AbstractJavaProjectConfigurator - Adding resource folder /SpringProject1/src/main/resources
2024-01-08 13:24:20,542 [Worker-8: Updating Maven Project] INFO  o.e.m.j.i.AbstractJavaProjectConfigurator - Adding source folder /SpringProject1/src/test/java
2024-01-08 13:24:20,544 [Worker-8: Updating Maven Project] INFO  o.e.m.j.i.AbstractJavaProjectConfigurator - Adding resource folder /SpringProject1/src/test/resources
2024-01-08 13:24:21,069 [Worker-8: Updating Maven Project] INFO  o.e.m.c.i.p.ProjectConfigurationManager - Update completed for 1 poms: local refresh takes 0.00 sec, refresh facades takes 1.00 sec, update config takes 0.00 sec 
2024-01-08 13:24:21,374 [Worker-9: Building] INFO  o.a.m.s.f.DefaultMavenResourcesFiltering - skip non existing resourceDirectory E:\eclipse-workspace-spring\SpringProject1\src\main\resources
2024-01-08 13:24:21,379 [Worker-9: Building] INFO  o.a.m.s.f.DefaultMavenResourcesFiltering - skip non existing resourceDirectory E:\eclipse-workspace-spring\SpringProject1\src\test\resources
2024-01-08 13:24:35,854 [Worker-12: Building] INFO  o.a.m.s.f.DefaultMavenResourcesFiltering - Copying 0 resource from src\main\resources to target\classes
2024-01-08 13:24:35,863 [Worker-12: Building] INFO  o.a.m.s.f.DefaultMavenResourcesFiltering - Copying 0 resource from src\test\resources to target\test-classes
2024-01-08 13:24:47,650 [Worker-0: Building] INFO  o.a.m.s.f.DefaultMavenResourcesFiltering - Copying 0 resource from src\main\resources to target\classes
2024-01-08 13:24:47,659 [Worker-0: Building] INFO  o.a.m.s.f.DefaultMavenResourcesFiltering - Copying 0 resource from src\test\resources to target\test-classes
2024-01-08 13:25:04,953 [Worker-13: Building] INFO  o.a.m.s.f.DefaultMavenResourcesFiltering - Copying 0 resource from src\main\resources to target\classes
2024-01-08 13:25:04,960 [Worker-13: Building] INFO  o.a.m.s.f.DefaultMavenResourcesFiltering - Copying 0 resource from src\test\resources to target\test-classes
2024-01-08 13:25:17,900 [Worker-9: Building] INFO  o.a.m.s.f.DefaultMavenResourcesFiltering - Copying 0 resource from src\main\resources to target\classes
2024-01-08 13:25:17,905 [Worker-9: Building] INFO  o.a.m.s.f.DefaultMavenResourcesFiltering - Copying 0 resource from src\test\resources to target\test-classes
2024-01-08 13:25:26,285 [Worker-13: Updating Maven Project] INFO  o.e.m.c.i.p.ProjectConfigurationManager - Update started
2024-01-08 13:25:26,684 [Worker-13: Updating Maven Project] INFO  o.e.m.c.i.l.LifecycleMappingFactory - Using org.eclipse.m2e.jdt.JarLifecycleMapping lifecycle mapping for MavenProject: com.jsp.spring:SpringProject1:0.0.1-SNAPSHOT @ E:\eclipse-workspace-spring\SpringProject1\pom.xml.
2024-01-08 13:25:27,237 [Worker-13: Updating Maven Project] INFO  o.e.m.j.i.AbstractJavaProjectConfigurator - Adding source folder /SpringProject1/src/main/java
2024-01-08 13:25:27,238 [Worker-13: Updating Maven Project] INFO  o.e.m.j.i.AbstractJavaProjectConfigurator - Adding resource folder /SpringProject1/src/main/resources
2024-01-08 13:25:27,262 [Worker-13: Updating Maven Project] INFO  o.e.m.j.i.AbstractJavaProjectConfigurator - Adding source folder /SpringProject1/src/test/java
2024-01-08 13:25:27,263 [Worker-13: Updating Maven Project] INFO  o.e.m.j.i.AbstractJavaProjectConfigurator - Adding resource folder /SpringProject1/src/test/resources
2024-01-08 13:25:27,587 [Worker-13: Updating Maven Project] INFO  o.e.m.c.i.p.ProjectConfigurationManager - Update completed for 1 poms: local refresh takes 0.00 sec, refresh facades takes 0.00 sec, update config takes 0.00 sec 
2024-01-08 13:25:27,873 [Worker-12: Building] INFO  o.a.m.s.f.DefaultMavenResourcesFiltering - Copying 0 resource from src\main\resources to target\classes
2024-01-08 13:25:27,880 [Worker-12: Building] INFO  o.a.m.s.f.DefaultMavenResourcesFiltering - Copying 0 resource from src\test\resources to target\test-classes
2024-01-08 13:25:42,309 [Worker-0: Building] INFO  o.a.m.s.f.DefaultMavenResourcesFiltering - Copying 0 resource from src\main\resources to target\classes
2024-01-08 13:25:42,314 [Worker-0: Building] INFO  o.a.m.s.f.DefaultMavenResourcesFiltering - Copying 0 resource from src\test\resources to target\test-classes
2024-01-08 13:26:13,205 [Worker-9: Building] INFO  o.a.m.s.f.DefaultMavenResourcesFiltering - Copying 0 resource from src\main\resources to target\classes
2024-01-08 13:26:13,211 [Worker-9: Building] INFO  o.a.m.s.f.DefaultMavenResourcesFiltering - Copying 0 resource from src\test\resources to target\test-classes
2024-01-08 13:26:32,143 [Worker-3: Building] INFO  o.a.m.s.f.DefaultMavenResourcesFiltering - Copying 0 resource from src\main\resources to target\classes
2024-01-08 13:26:32,151 [Worker-3: Building] INFO  o.a.m.s.f.DefaultMavenResourcesFiltering - Copying 0 resource from src\test\resources to target\test-classes
2024-01-08 13:26:38,275 [Worker-14: Building] INFO  o.a.m.s.f.DefaultMavenResourcesFiltering - Copying 0 resource from src\main\resources to target\classes
2024-01-08 13:26:38,286 [Worker-14: Building] INFO  o.a.m.s.f.DefaultMavenResourcesFiltering - Copying 0 resource from src\test\resources to target\test-classes
2024-01-08 13:26:42,694 [Worker-12: Building] INFO  o.a.m.s.f.DefaultMavenResourcesFiltering - Copying 0 resource from src\main\resources to target\classes
2024-01-08 13:26:42,698 [Worker-12: Building] INFO  o.a.m.s.f.DefaultMavenResourcesFiltering - Copying 0 resource from src\test\resources to target\test-classes
2024-01-08 13:26:52,426 [Worker-12: Building] INFO  o.a.m.s.f.DefaultMavenResourcesFiltering - Copying 0 resource from src\main\resources to target\classes
2024-01-08 13:26:52,439 [Worker-12: Building] INFO  o.a.m.s.f.DefaultMavenResourcesFiltering - Copying 0 resource from src\test\resources to target\test-classes
2024-01-08 13:27:12,602 [main] INFO  org.hibernate.cfg.Environment - Hibernate 3.5.6-Final
2024-01-08 13:27:12,634 [main] INFO  org.hibernate.cfg.Environment - hibernate.properties not found
2024-01-08 13:27:12,639 [main] INFO  org.hibernate.cfg.Environment - Bytecode provider name : javassist
2024-01-08 13:27:12,645 [main] INFO  org.hibernate.cfg.Environment - using JDK 1.4 java.sql.Timestamp handling
2024-01-08 13:28:24,987 [Worker-12: Building] INFO  o.a.m.s.f.DefaultMavenResourcesFiltering - Copying 0 resource from src\main\resources to target\classes
2024-01-08 13:28:24,993 [Worker-12: Building] INFO  o.a.m.s.f.DefaultMavenResourcesFiltering - Copying 0 resource from src\test\resources to target\test-classes
2024-01-08 13:28:26,228 [Worker-3: Building] INFO  o.a.m.s.f.DefaultMavenResourcesFiltering - Copying 0 resource from src\main\resources to target\classes
2024-01-08 13:28:26,233 [Worker-3: Building] INFO  o.a.m.s.f.DefaultMavenResourcesFiltering - Copying 0 resource from src\test\resources to target\test-classes
2024-01-08 13:28:34,999 [Worker-15: Building] INFO  o.a.m.s.f.DefaultMavenResourcesFiltering - Copying 0 resource from src\main\resources to target\classes
2024-01-08 13:28:35,005 [Worker-15: Building] INFO  o.a.m.s.f.DefaultMavenResourcesFiltering - Copying 0 resource from src\test\resources to target\test-classes
2024-01-08 13:29:11,592 [Worker-14: Building] INFO  o.a.m.s.f.DefaultMavenResourcesFiltering - Copying 0 resource from src\main\resources to target\classes
2024-01-08 13:29:11,596 [Worker-14: Building] INFO  o.a.m.s.f.DefaultMavenResourcesFiltering - Copying 0 resource from src\test\resources to target\test-classes
2024-01-08 13:29:21,616 [Start Help Server] INFO  org.eclipse.jetty.server.Server - jetty-12.0.3; built: 2023-10-27T03:25:22.284Z; git: a873259fd5af141dedaa6c7fa8fe8fbdedce0d61; jvm 20.0.2+9-78
2024-01-08 13:29:21,736 [Start Help Server] INFO  o.e.j.server.handler.ContextHandler - Started oeje8n.ContextHandler$CoreContextHandler@57c34b5f{/help,/help,b=null,a=AVAILABLE,h=oeje8n.ContextHandler$CoreContextHandler$CoreToNestedHandler@49c20b9e{STARTED}}
2024-01-08 13:29:21,737 [Start Help Server] INFO  o.e.j.s.DefaultSessionIdManager - Session workerName=node0
2024-01-08 13:29:21,783 [Start Help Server] INFO  o.e.jetty.server.AbstractConnector - Started ServerConnector@499686b2{HTTP/1.1, (http/1.1)}{127.0.0.1:63783}
2024-01-08 13:29:21,808 [Start Help Server] INFO  org.eclipse.jetty.server.Server - Started oejs.Server@33ff97d4{STARTING}[12.0.3,sto=0] @592763ms
2024-01-08 13:30:22,874 [Worker-13: Building] INFO  o.a.m.s.f.DefaultMavenResourcesFiltering - Copying 0 resource from src\main\resources to target\classes
2024-01-08 13:30:22,879 [Worker-13: Building] INFO  o.a.m.s.f.DefaultMavenResourcesFiltering - Copying 0 resource from src\test\resources to target\test-classes
2024-01-08 13:30:30,578 [main] INFO  org.hibernate.cfg.Configuration - configuring from XML document
2024-01-08 13:30:30,579 [main] INFO  org.hibernate.cfg.Configuration - Configured SessionFactory: null
2024-01-08 13:30:50,153 [Worker-13: Building] INFO  o.a.m.s.f.DefaultMavenResourcesFiltering - Copying 0 resource from src\main\resources to target\classes
2024-01-08 13:30:50,160 [Worker-13: Building] INFO  o.a.m.s.f.DefaultMavenResourcesFiltering - Copying 0 resource from src\test\resources to target\test-classes
2024-01-08 13:30:53,431 [Worker-3: Building] INFO  o.a.m.s.f.DefaultMavenResourcesFiltering - Copying 0 resource from src\main\resources to target\classes
2024-01-08 13:30:53,445 [Worker-3: Building] INFO  o.a.m.s.f.DefaultMavenResourcesFiltering - Copying 0 resource from src\test\resources to target\test-classes
2024-01-08 13:32:37,378 [Worker-0: Building] INFO  o.a.m.s.f.DefaultMavenResourcesFiltering - Copying 0 resource from src\main\resources to target\classes
2024-01-08 13:32:37,381 [Worker-0: Building] INFO  o.a.m.s.f.DefaultMavenResourcesFiltering - Copying 0 resource from src\test\resources to target\test-classes
2024-01-08 13:33:27,116 [Worker-13: Building] INFO  o.a.m.s.f.DefaultMavenResourcesFiltering - Copying 0 resource from src\main\resources to target\classes
2024-01-08 13:33:27,122 [Worker-13: Building] INFO  o.a.m.s.f.DefaultMavenResourcesFiltering - Copying 0 resource from src\test\resources to target\test-classes
2024-01-08 13:33:31,488 [Worker-13: Building] INFO  o.a.m.s.f.DefaultMavenResourcesFiltering - Copying 0 resource from src\main\resources to target\classes
2024-01-08 13:33:31,491 [Worker-13: Building] INFO  o.a.m.s.f.DefaultMavenResourcesFiltering - Copying 0 resource from src\test\resources to target\test-classes
2024-01-08 13:33:36,951 [Worker-3: Building] INFO  o.a.m.s.f.DefaultMavenResourcesFiltering - Copying 0 resource from src\main\resources to target\classes
2024-01-08 13:33:36,955 [Worker-3: Building] INFO  o.a.m.s.f.DefaultMavenResourcesFiltering - Copying 0 resource from src\test\resources to target\test-classes
2024-01-08 13:35:32,260 [Worker-12: Building] INFO  o.a.m.s.f.DefaultMavenResourcesFiltering - Copying 0 resource from src\main\resources to target\classes
2024-01-08 13:35:32,264 [Worker-12: Building] INFO  o.a.m.s.f.DefaultMavenResourcesFiltering - Copying 0 resource from src\test\resources to target\test-classes
2024-01-08 13:35:42,682 [Worker-14: Building] INFO  o.a.m.s.f.DefaultMavenResourcesFiltering - Copying 0 resource from src\main\resources to target\classes
2024-01-08 13:35:42,688 [Worker-14: Building] INFO  o.a.m.s.f.DefaultMavenResourcesFiltering - Copying 0 resource from src\test\resources to target\test-classes
2024-01-08 13:35:55,522 [Worker-16: Updating Maven Project] INFO  o.e.m.c.i.p.ProjectConfigurationManager - Update started
2024-01-08 13:35:56,182 [Worker-16: Updating Maven Project] INFO  o.e.m.c.i.l.LifecycleMappingFactory - Using org.eclipse.m2e.jdt.JarLifecycleMapping lifecycle mapping for MavenProject: com.jsp.spring:SpringProject1:0.0.1-SNAPSHOT @ E:\eclipse-workspace-spring\SpringProject1\pom.xml.
2024-01-08 13:35:56,994 [Worker-16: Updating Maven Project] INFO  o.e.m.j.i.AbstractJavaProjectConfigurator - Adding source folder /SpringProject1/src/main/java
2024-01-08 13:35:56,996 [Worker-16: Updating Maven Project] INFO  o.e.m.j.i.AbstractJavaProjectConfigurator - Adding resource folder /SpringProject1/src/main/resources
2024-01-08 13:35:56,997 [Worker-16: Updating Maven Project] INFO  o.e.m.j.i.AbstractJavaProjectConfigurator - Adding source folder /SpringProject1/src/test/java
2024-01-08 13:35:56,997 [Worker-16: Updating Maven Project] INFO  o.e.m.j.i.AbstractJavaProjectConfigurator - Adding resource folder /SpringProject1/src/test/resources
2024-01-08 13:35:57,332 [Worker-16: Updating Maven Project] INFO  o.e.m.c.i.p.ProjectConfigurationManager - Update completed for 1 poms: local refresh takes 0.00 sec, refresh facades takes 1.00 sec, update config takes 0.00 sec 
2024-01-08 13:35:57,647 [Worker-0: Building] INFO  o.a.m.s.f.DefaultMavenResourcesFiltering - Copying 0 resource from src\main\resources to target\classes
2024-01-08 13:35:57,653 [Worker-0: Building] INFO  o.a.m.s.f.DefaultMavenResourcesFiltering - Copying 0 resource from src\test\resources to target\test-classes
2024-01-08 13:36:11,737 [Worker-16: Building] INFO  o.a.m.s.f.DefaultMavenResourcesFiltering - Copying 0 resource from src\main\resources to target\classes
2024-01-08 13:36:11,741 [Worker-16: Building] INFO  o.a.m.s.f.DefaultMavenResourcesFiltering - Copying 0 resource from src\test\resources to target\test-classes
2024-01-08 13:37:17,014 [Worker-17: Building] INFO  o.a.m.s.f.DefaultMavenResourcesFiltering - Copying 0 resource from src\main\resources to target\classes
2024-01-08 13:37:17,020 [Worker-17: Building] INFO  o.a.m.s.f.DefaultMavenResourcesFiltering - Copying 0 resource from src\test\resources to target\test-classes
2024-01-08 13:38:07,456 [Worker-12: Building] INFO  o.a.m.s.f.DefaultMavenResourcesFiltering - Copying 0 resource from src\main\resources to target\classes
2024-01-08 13:38:07,459 [Worker-12: Building] INFO  o.a.m.s.f.DefaultMavenResourcesFiltering - Copying 0 resource from src\test\resources to target\test-classes
2024-01-08 13:39:54,665 [Worker-3: Building] INFO  o.a.m.s.f.DefaultMavenResourcesFiltering - Copying 0 resource from src\main\resources to target\classes
2024-01-08 13:39:54,669 [Worker-3: Building] INFO  o.a.m.s.f.DefaultMavenResourcesFiltering - Copying 0 resource from src\test\resources to target\test-classes
2024-01-08 13:45:36,311 [Worker-18: Building] INFO  o.a.m.s.f.DefaultMavenResourcesFiltering - Copying 0 resource from src\main\resources to target\classes
2024-01-08 13:45:36,314 [Worker-18: Building] INFO  o.a.m.s.f.DefaultMavenResourcesFiltering - Copying 0 resource from src\test\resources to target\test-classes
2024-01-08 13:46:17,388 [Worker-17: Building] INFO  o.a.m.s.f.DefaultMavenResourcesFiltering - Copying 0 resource from src\main\resources to target\classes
2024-01-08 13:46:17,396 [Worker-17: Building] INFO  o.a.m.s.f.DefaultMavenResourcesFiltering - Copying 0 resource from src\test\resources to target\test-classes
2024-01-08 13:46:45,523 [Worker-3: Building] INFO  o.a.m.s.f.DefaultMavenResourcesFiltering - Copying 0 resource from src\main\resources to target\classes
2024-01-08 13:46:45,525 [Worker-3: Building] INFO  o.a.m.s.f.DefaultMavenResourcesFiltering - Copying 0 resource from src\test\resources to target\test-classes
2024-01-08 13:46:54,635 [Worker-20: Building] INFO  o.a.m.s.f.DefaultMavenResourcesFiltering - Copying 0 resource from src\main\resources to target\classes
2024-01-08 13:46:54,638 [Worker-20: Building] INFO  o.a.m.s.f.DefaultMavenResourcesFiltering - Copying 0 resource from src\test\resources to target\test-classes
2024-01-08 13:56:23,484 [Worker-18: Building] INFO  o.a.m.s.f.DefaultMavenResourcesFiltering - Copying 0 resource from src\main\resources to target\classes
2024-01-08 13:56:23,487 [Worker-18: Building] INFO  o.a.m.s.f.DefaultMavenResourcesFiltering - Copying 0 resource from src\test\resources to target\test-classes
2024-01-08 13:57:19,092 [Worker-18: Building] INFO  o.a.m.s.f.DefaultMavenResourcesFiltering - Copying 0 resource from src\main\resources to target\classes
2024-01-08 13:57:19,096 [Worker-18: Building] INFO  o.a.m.s.f.DefaultMavenResourcesFiltering - Copying 0 resource from src\test\resources to target\test-classes
2024-01-08 13:57:46,973 [Worker-19: Building] INFO  o.a.m.s.f.DefaultMavenResourcesFiltering - Copying 0 resource from src\main\resources to target\classes
2024-01-08 13:57:46,976 [Worker-19: Building] INFO  o.a.m.s.f.DefaultMavenResourcesFiltering - Copying 0 resource from src\test\resources to target\test-classes
2024-01-08 14:07:32,313 [Worker-3: Building] INFO  o.a.m.s.f.DefaultMavenResourcesFiltering - Copying 0 resource from src\main\resources to target\classes
2024-01-08 14:07:32,315 [Worker-3: Building] INFO  o.a.m.s.f.DefaultMavenResourcesFiltering - Copying 0 resource from src\test\resources to target\test-classes
2024-01-08 14:07:43,903 [Worker-3: Building] INFO  o.a.m.s.f.DefaultMavenResourcesFiltering - Copying 0 resource from src\main\resources to target\classes
2024-01-08 14:07:43,906 [Worker-3: Building] INFO  o.a.m.s.f.DefaultMavenResourcesFiltering - Copying 0 resource from src\test\resources to target\test-classes
2024-01-08 14:07:58,938 [Worker-24: Building] INFO  o.a.m.s.f.DefaultMavenResourcesFiltering - Copying 0 resource from src\main\resources to target\classes
2024-01-08 14:07:58,946 [Worker-24: Building] INFO  o.a.m.s.f.DefaultMavenResourcesFiltering - Copying 0 resource from src\test\resources to target\test-classes
2024-01-08 14:09:50,608 [Worker-23: Building] INFO  o.a.m.s.f.DefaultMavenResourcesFiltering - Copying 0 resource from src\main\resources to target\classes
2024-01-08 14:09:50,611 [Worker-23: Building] INFO  o.a.m.s.f.DefaultMavenResourcesFiltering - Copying 0 resource from src\test\resources to target\test-classes
2024-01-08 14:10:50,411 [Worker-28: Building] INFO  o.a.m.s.f.DefaultMavenResourcesFiltering - Copying 0 resource from src\main\resources to target\classes
2024-01-08 14:10:50,414 [Worker-28: Building] INFO  o.a.m.s.f.DefaultMavenResourcesFiltering - Copying 0 resource from src\test\resources to target\test-classes
2024-01-08 14:10:53,367 [Worker-24: Building] INFO  o.a.m.s.f.DefaultMavenResourcesFiltering - Copying 0 resource from src\main\resources to target\classes
2024-01-08 14:10:53,370 [Worker-24: Building] INFO  o.a.m.s.f.DefaultMavenResourcesFiltering - Copying 0 resource from src\test\resources to target\test-classes
2024-01-08 14:20:48,389 [Worker-24: Building] INFO  o.a.m.s.f.DefaultMavenResourcesFiltering - Copying 0 resource from src\main\resources to target\classes
2024-01-08 14:20:48,392 [Worker-24: Building] INFO  o.a.m.s.f.DefaultMavenResourcesFiltering - Copying 0 resource from src\test\resources to target\test-classes
2024-01-08 14:21:00,012 [Worker-23: Building] INFO  o.a.m.s.f.DefaultMavenResourcesFiltering - Copying 0 resource from src\main\resources to target\classes
2024-01-08 14:21:00,015 [Worker-23: Building] INFO  o.a.m.s.f.DefaultMavenResourcesFiltering - Copying 0 resource from src\test\resources to target\test-classes
2024-01-08 14:21:30,256 [Worker-27: Building] INFO  o.a.m.s.f.DefaultMavenResourcesFiltering - Copying 0 resource from src\main\resources to target\classes
2024-01-08 14:21:30,259 [Worker-27: Building] INFO  o.a.m.s.f.DefaultMavenResourcesFiltering - Copying 0 resource from src\test\resources to target\test-classes
2024-01-08 14:21:58,922 [Worker-28: Building] INFO  o.a.m.s.f.DefaultMavenResourcesFiltering - Copying 0 resource from src\main\resources to target\classes
2024-01-08 14:21:58,926 [Worker-28: Building] INFO  o.a.m.s.f.DefaultMavenResourcesFiltering - Copying 0 resource from src\test\resources to target\test-classes
2024-01-08 14:22:25,482 [Worker-30: Building] INFO  o.a.m.s.f.DefaultMavenResourcesFiltering - Copying 0 resource from src\main\resources to target\classes
2024-01-08 14:22:25,485 [Worker-30: Building] INFO  o.a.m.s.f.DefaultMavenResourcesFiltering - Copying 0 resource from src\test\resources to target\test-classes
2024-01-08 14:22:36,220 [Worker-26: Building] INFO  o.a.m.s.f.DefaultMavenResourcesFiltering - Copying 0 resource from src\main\resources to target\classes
2024-01-08 14:22:36,223 [Worker-26: Building] INFO  o.a.m.s.f.DefaultMavenResourcesFiltering - Copying 0 resource from src\test\resources to target\test-classes
2024-01-08 14:22:46,390 [Worker-24: Building] INFO  o.a.m.s.f.DefaultMavenResourcesFiltering - Copying 0 resource from src\main\resources to target\classes
2024-01-08 14:22:46,393 [Worker-24: Building] INFO  o.a.m.s.f.DefaultMavenResourcesFiltering - Copying 0 resource from src\test\resources to target\test-classes
2024-01-08 14:26:36,201 [Stop Help Server] INFO  org.eclipse.jetty.server.Server - Stopped oejs.Server@33ff97d4{STOPPING}[12.0.3,sto=0]
2024-01-08 14:26:36,207 [Stop Help Server] INFO  o.e.jetty.server.AbstractConnector - Stopped ServerConnector@499686b2{HTTP/1.1, (http/1.1)}{127.0.0.1:0}
2024-01-09 10:44:19,217 [Worker-0: Loading available Gradle versions] INFO  o.e.b.c.i.u.g.PublishedGradleVersions - Gradle version information cache is up-to-date. Trying to read.
2024-01-09 10:45:35,227 [Worker-9: Building] INFO  o.a.m.s.f.DefaultMavenResourcesFiltering - Copying 0 resource from src\main\resources to target\classes
2024-01-09 10:45:35,238 [Worker-9: Building] INFO  o.a.m.s.f.DefaultMavenResourcesFiltering - Copying 0 resource from src\test\resources to target\test-classes
2024-01-09 10:45:40,361 [Worker-9: Building] INFO  o.a.m.s.f.DefaultMavenResourcesFiltering - Copying 0 resource from src\main\resources to target\classes
2024-01-09 10:45:40,369 [Worker-9: Building] INFO  o.a.m.s.f.DefaultMavenResourcesFiltering - Copying 0 resource from src\test\resources to target\test-classes
2024-01-09 10:47:31,344 [Worker-10: Building] INFO  o.a.m.s.f.DefaultMavenResourcesFiltering - Copying 0 resource from src\main\resources to target\classes
2024-01-09 10:47:31,349 [Worker-10: Building] INFO  o.a.m.s.f.DefaultMavenResourcesFiltering - Copying 0 resource from src\test\resources to target\test-classes
2024-01-11 15:12:23,360 [Worker-1: Loading available Gradle versions] INFO  o.e.b.c.i.u.g.PublishedGradleVersions - Gradle version information cache is up-to-date. Trying to read.
2024-01-15 18:56:51,946 [Worker-1: Loading available Gradle versions] INFO  o.e.b.c.i.u.g.PublishedGradleVersions - Gradle version information cache is up-to-date. Trying to read.
2024-01-15 19:03:39,688 [Worker-16: Building] INFO  o.a.m.s.f.DefaultMavenResourcesFiltering - Copying 0 resource from src\main\resources to target\classes
2024-01-15 19:03:39,706 [Worker-16: Building] INFO  o.a.m.s.f.DefaultMavenResourcesFiltering - Copying 0 resource from src\test\resources to target\test-classes
2024-01-15 19:12:25,633 [Worker-19: Git Repository Change Scanner] WARN  org.eclipse.jgit.lib.Repository - close() called when useCnt is already zero for Repository[C:\Users\WIN 10\git\Test\.git]
2024-01-15 19:15:05,720 [Worker-22: Remove Repositories] WARN  org.eclipse.jgit.lib.Repository - close() called when useCnt is already zero for [RepositoryHandle:Repository[C:\Users\WIN 10\git\Test\.git]]
2024-01-15 19:15:06,694 [Worker-13: Updating Maven Dependencies] ERROR o.e.m.j.i.l.MavenLaunchConfigurationListener - Launch configuration StudentRunner references non-existing project SpringProject1.
org.eclipse.core.runtime.CoreException: Launch configuration StudentRunner references non-existing project SpringProject1.
	at org.eclipse.jdt.launching.JavaRuntime.abort(JavaRuntime.java:1858)
	at org.eclipse.jdt.launching.JavaRuntime.getJavaProject(JavaRuntime.java:1735)
	at org.eclipse.m2e.jdt.internal.launch.MavenLaunchConfigurationListener.updateLaunchConfiguration(MavenLaunchConfigurationListener.java:64)
	at org.eclipse.m2e.jdt.internal.launch.MavenLaunchConfigurationListener.launchConfigurationChanged(MavenLaunchConfigurationListener.java:50)
	at org.eclipse.debug.internal.core.LaunchManager$ConfigurationNotifier.run(LaunchManager.java:220)
	at org.eclipse.core.runtime.SafeRunner.run(SafeRunner.java:47)
	at org.eclipse.debug.internal.core.LaunchManager$ConfigurationNotifier.notify(LaunchManager.java:204)
	at org.eclipse.debug.internal.core.LaunchConfigurationWorkingCopy.setDirty(LaunchConfigurationWorkingCopy.java:527)
	at org.eclipse.debug.internal.core.LaunchConfigurationWorkingCopy.setAttribute(LaunchConfigurationWorkingCopy.java:415)
	at org.eclipse.m2e.jdt.internal.launch.MavenRuntimeClasspathProvider.disable(MavenRuntimeClasspathProvider.java:409)
	at org.eclipse.m2e.jdt.internal.launch.MavenRuntimeClasspathProvider.disable(MavenRuntimeClasspathProvider.java:435)
	at org.eclipse.m2e.jdt.internal.launch.MavenLaunchConfigurationListener.mavenProjectChanged(MavenLaunchConfigurationListener.java:135)
	at org.eclipse.m2e.core.internal.project.registry.ProjectRegistryManager.notifyProjectChangeListeners(ProjectRegistryManager.java:888)
	at org.eclipse.m2e.core.internal.project.registry.ProjectRegistryManager.applyMutableProjectRegistry(ProjectRegistryManager.java:1040)
	at org.eclipse.m2e.core.internal.project.registry.ProjectRegistryRefreshJob.lambda$0(ProjectRegistryRefreshJob.java:162)
	at org.eclipse.m2e.core.internal.embedder.MavenExecutionContext.executeBare(MavenExecutionContext.java:394)
	at org.eclipse.m2e.core.internal.embedder.MavenExecutionContext.execute(MavenExecutionContext.java:275)
	at org.eclipse.m2e.core.internal.embedder.MavenExecutionContext.execute(MavenExecutionContext.java:214)
	at org.eclipse.m2e.core.internal.project.registry.ProjectRegistryRefreshJob.run(ProjectRegistryRefreshJob.java:106)
	at org.eclipse.core.internal.jobs.Worker.run(Worker.java:63)
2024-01-15 19:15:06,700 [Worker-13: Updating Maven Dependencies] ERROR o.e.m.j.i.l.MavenLaunchConfigurationListener - Launch configuration StudentRunner references non-existing project SpringProject1.
org.eclipse.core.runtime.CoreException: Launch configuration StudentRunner references non-existing project SpringProject1.
	at org.eclipse.jdt.launching.JavaRuntime.abort(JavaRuntime.java:1858)
	at org.eclipse.jdt.launching.JavaRuntime.getJavaProject(JavaRuntime.java:1735)
	at org.eclipse.m2e.jdt.internal.launch.MavenLaunchConfigurationListener.updateLaunchConfiguration(MavenLaunchConfigurationListener.java:64)
	at org.eclipse.m2e.jdt.internal.launch.MavenLaunchConfigurationListener.launchConfigurationChanged(MavenLaunchConfigurationListener.java:50)
	at org.eclipse.debug.internal.core.LaunchManager$ConfigurationNotifier.run(LaunchManager.java:220)
	at org.eclipse.core.runtime.SafeRunner.run(SafeRunner.java:47)
	at org.eclipse.debug.internal.core.LaunchManager$ConfigurationNotifier.notify(LaunchManager.java:204)
	at org.eclipse.debug.internal.core.LaunchConfigurationWorkingCopy.setDirty(LaunchConfigurationWorkingCopy.java:527)
	at org.eclipse.debug.internal.core.LaunchConfigurationWorkingCopy.setAttribute(LaunchConfigurationWorkingCopy.java:415)
	at org.eclipse.m2e.jdt.internal.launch.MavenRuntimeClasspathProvider.disable(MavenRuntimeClasspathProvider.java:410)
	at org.eclipse.m2e.jdt.internal.launch.MavenRuntimeClasspathProvider.disable(MavenRuntimeClasspathProvider.java:435)
	at org.eclipse.m2e.jdt.internal.launch.MavenLaunchConfigurationListener.mavenProjectChanged(MavenLaunchConfigurationListener.java:135)
	at org.eclipse.m2e.core.internal.project.registry.ProjectRegistryManager.notifyProjectChangeListeners(ProjectRegistryManager.java:888)
	at org.eclipse.m2e.core.internal.project.registry.ProjectRegistryManager.applyMutableProjectRegistry(ProjectRegistryManager.java:1040)
	at org.eclipse.m2e.core.internal.project.registry.ProjectRegistryRefreshJob.lambda$0(ProjectRegistryRefreshJob.java:162)
	at org.eclipse.m2e.core.internal.embedder.MavenExecutionContext.executeBare(MavenExecutionContext.java:394)
	at org.eclipse.m2e.core.internal.embedder.MavenExecutionContext.execute(MavenExecutionContext.java:275)
	at org.eclipse.m2e.core.internal.embedder.MavenExecutionContext.execute(MavenExecutionContext.java:214)
	at org.eclipse.m2e.core.internal.project.registry.ProjectRegistryRefreshJob.run(ProjectRegistryRefreshJob.java:106)
	at org.eclipse.core.internal.jobs.Worker.run(Worker.java:63)
2024-01-15 19:15:06,714 [Worker-13: Updating Maven Dependencies] ERROR o.e.m.j.i.l.MavenLaunchConfigurationListener - Launch configuration StudentRunner references non-existing project SpringProject1.
org.eclipse.core.runtime.CoreException: Launch configuration StudentRunner references non-existing project SpringProject1.
	at org.eclipse.jdt.launching.JavaRuntime.abort(JavaRuntime.java:1858)
	at org.eclipse.jdt.launching.JavaRuntime.getJavaProject(JavaRuntime.java:1735)
	at org.eclipse.m2e.jdt.internal.launch.MavenLaunchConfigurationListener.updateLaunchConfiguration(MavenLaunchConfigurationListener.java:64)
	at org.eclipse.m2e.jdt.internal.launch.MavenLaunchConfigurationListener.launchConfigurationChanged(MavenLaunchConfigurationListener.java:50)
	at org.eclipse.debug.internal.core.LaunchManager$ConfigurationNotifier.run(LaunchManager.java:220)
	at org.eclipse.core.runtime.SafeRunner.run(SafeRunner.java:47)
	at org.eclipse.debug.internal.core.LaunchManager$ConfigurationNotifier.notify(LaunchManager.java:204)
	at org.eclipse.debug.internal.core.LaunchManager.launchConfigurationChanged(LaunchManager.java:2010)
	at org.eclipse.debug.internal.core.LaunchConfigurationWorkingCopy.writeNewFile(LaunchConfigurationWorkingCopy.java:380)
	at org.eclipse.debug.internal.core.LaunchConfigurationWorkingCopy.doSave0(LaunchConfigurationWorkingCopy.java:259)
	at org.eclipse.debug.internal.core.LaunchConfigurationWorkingCopy.doSave(LaunchConfigurationWorkingCopy.java:229)
	at org.eclipse.debug.internal.core.LaunchConfigurationWorkingCopy.doSave(LaunchConfigurationWorkingCopy.java:187)
	at org.eclipse.m2e.jdt.internal.launch.MavenRuntimeClasspathProvider.disable(MavenRuntimeClasspathProvider.java:411)
	at org.eclipse.m2e.jdt.internal.launch.MavenRuntimeClasspathProvider.disable(MavenRuntimeClasspathProvider.java:435)
	at org.eclipse.m2e.jdt.internal.launch.MavenLaunchConfigurationListener.mavenProjectChanged(MavenLaunchConfigurationListener.java:135)
	at org.eclipse.m2e.core.internal.project.registry.ProjectRegistryManager.notifyProjectChangeListeners(ProjectRegistryManager.java:888)
	at org.eclipse.m2e.core.internal.project.registry.ProjectRegistryManager.applyMutableProjectRegistry(ProjectRegistryManager.java:1040)
	at org.eclipse.m2e.core.internal.project.registry.ProjectRegistryRefreshJob.lambda$0(ProjectRegistryRefreshJob.java:162)
	at org.eclipse.m2e.core.internal.embedder.MavenExecutionContext.executeBare(MavenExecutionContext.java:394)
	at org.eclipse.m2e.core.internal.embedder.MavenExecutionContext.execute(MavenExecutionContext.java:275)
	at org.eclipse.m2e.core.internal.embedder.MavenExecutionContext.execute(MavenExecutionContext.java:214)
	at org.eclipse.m2e.core.internal.project.registry.ProjectRegistryRefreshJob.run(ProjectRegistryRefreshJob.java:106)
	at org.eclipse.core.internal.jobs.Worker.run(Worker.java:63)
2024-01-15 19:17:24,035 [Worker-1: Loading available Gradle versions] INFO  o.e.b.c.i.u.g.PublishedGradleVersions - Gradle version information cache is up-to-date. Trying to read.
2024-01-15 19:18:20,165 [Worker-10: Launching mavenrun-6271473b-4017-4686-8237-b085c5f42f38] INFO  o.eclipse.m2e.core.internal.Bundles - getClasspathEntries(Bundle=org.eclipse.m2e.maven.runtime_3.9.500.20231113-2345 [1521])
2024-01-15 19:18:20,171 [Worker-10: Launching mavenrun-6271473b-4017-4686-8237-b085c5f42f38] INFO  o.eclipse.m2e.core.internal.Bundles - 	Entry: C:\Users\WIN 10\.p2\pool\plugins\org.eclipse.m2e.maven.runtime_3.9.500.20231113-2345
2024-01-15 19:18:20,172 [Worker-10: Launching mavenrun-6271473b-4017-4686-8237-b085c5f42f38] INFO  o.eclipse.m2e.core.internal.Bundles - 	Entry: C:\Users\WIN 10\.p2\pool\plugins\org.eclipse.m2e.maven.runtime_3.9.500.20231113-2345\jars\aopalliance-1.0.jar
2024-01-15 19:18:20,172 [Worker-10: Launching mavenrun-6271473b-4017-4686-8237-b085c5f42f38] INFO  o.eclipse.m2e.core.internal.Bundles - 	Entry: C:\Users\WIN 10\.p2\pool\plugins\org.eclipse.m2e.maven.runtime_3.9.500.20231113-2345\jars\guice-5.1.0.jar
2024-01-15 19:18:20,173 [Worker-10: Launching mavenrun-6271473b-4017-4686-8237-b085c5f42f38] INFO  o.eclipse.m2e.core.internal.Bundles - 	Entry: C:\Users\WIN 10\.p2\pool\plugins\org.eclipse.m2e.maven.runtime_3.9.500.20231113-2345\jars\httpclient-4.5.14.jar
2024-01-15 19:18:20,173 [Worker-10: Launching mavenrun-6271473b-4017-4686-8237-b085c5f42f38] INFO  o.eclipse.m2e.core.internal.Bundles - 	Entry: C:\Users\WIN 10\.p2\pool\plugins\org.eclipse.m2e.maven.runtime_3.9.500.20231113-2345\jars\httpcore-4.4.16.jar
2024-01-15 19:18:20,174 [Worker-10: Launching mavenrun-6271473b-4017-4686-8237-b085c5f42f38] INFO  o.eclipse.m2e.core.internal.Bundles - 	Entry: C:\Users\WIN 10\.p2\pool\plugins\org.eclipse.m2e.maven.runtime_3.9.500.20231113-2345\jars\jansi-2.4.0.jar
2024-01-15 19:18:20,174 [Worker-10: Launching mavenrun-6271473b-4017-4686-8237-b085c5f42f38] INFO  o.eclipse.m2e.core.internal.Bundles - 	Entry: C:\Users\WIN 10\.p2\pool\plugins\org.eclipse.m2e.maven.runtime_3.9.500.20231113-2345\jars\jcl-over-slf4j-1.7.36.jar
2024-01-15 19:18:20,175 [Worker-10: Launching mavenrun-6271473b-4017-4686-8237-b085c5f42f38] INFO  o.eclipse.m2e.core.internal.Bundles - 	Entry: C:\Users\WIN 10\.p2\pool\plugins\org.eclipse.m2e.maven.runtime_3.9.500.20231113-2345\jars\maven-artifact-3.9.5.jar
2024-01-15 19:18:20,175 [Worker-10: Launching mavenrun-6271473b-4017-4686-8237-b085c5f42f38] INFO  o.eclipse.m2e.core.internal.Bundles - 	Entry: C:\Users\WIN 10\.p2\pool\plugins\org.eclipse.m2e.maven.runtime_3.9.500.20231113-2345\jars\maven-builder-support-3.9.5.jar
2024-01-15 19:18:20,175 [Worker-10: Launching mavenrun-6271473b-4017-4686-8237-b085c5f42f38] INFO  o.eclipse.m2e.core.internal.Bundles - 	Entry: C:\Users\WIN 10\.p2\pool\plugins\org.eclipse.m2e.maven.runtime_3.9.500.20231113-2345\jars\maven-compat-3.9.5.jar
2024-01-15 19:18:20,176 [Worker-10: Launching mavenrun-6271473b-4017-4686-8237-b085c5f42f38] INFO  o.eclipse.m2e.core.internal.Bundles - 	Entry: C:\Users\WIN 10\.p2\pool\plugins\org.eclipse.m2e.maven.runtime_3.9.500.20231113-2345\jars\maven-core-3.9.5.jar
2024-01-15 19:18:20,176 [Worker-10: Launching mavenrun-6271473b-4017-4686-8237-b085c5f42f38] INFO  o.eclipse.m2e.core.internal.Bundles - 	Entry: C:\Users\WIN 10\.p2\pool\plugins\org.eclipse.m2e.maven.runtime_3.9.500.20231113-2345\jars\maven-embedder-3.9.5.jar
2024-01-15 19:18:20,176 [Worker-10: Launching mavenrun-6271473b-4017-4686-8237-b085c5f42f38] INFO  o.eclipse.m2e.core.internal.Bundles - 	Entry: C:\Users\WIN 10\.p2\pool\plugins\org.eclipse.m2e.maven.runtime_3.9.500.20231113-2345\jars\maven-model-3.9.5.jar
2024-01-15 19:18:20,177 [Worker-10: Launching mavenrun-6271473b-4017-4686-8237-b085c5f42f38] INFO  o.eclipse.m2e.core.internal.Bundles - 	Entry: C:\Users\WIN 10\.p2\pool\plugins\org.eclipse.m2e.maven.runtime_3.9.500.20231113-2345\jars\maven-model-builder-3.9.5.jar
2024-01-15 19:18:20,177 [Worker-10: Launching mavenrun-6271473b-4017-4686-8237-b085c5f42f38] INFO  o.eclipse.m2e.core.internal.Bundles - 	Entry: C:\Users\WIN 10\.p2\pool\plugins\org.eclipse.m2e.maven.runtime_3.9.500.20231113-2345\jars\maven-plugin-api-3.9.5.jar
2024-01-15 19:18:20,177 [Worker-10: Launching mavenrun-6271473b-4017-4686-8237-b085c5f42f38] INFO  o.eclipse.m2e.core.internal.Bundles - 	Entry: C:\Users\WIN 10\.p2\pool\plugins\org.eclipse.m2e.maven.runtime_3.9.500.20231113-2345\jars\maven-repository-metadata-3.9.5.jar
2024-01-15 19:18:20,178 [Worker-10: Launching mavenrun-6271473b-4017-4686-8237-b085c5f42f38] INFO  o.eclipse.m2e.core.internal.Bundles - 	Entry: C:\Users\WIN 10\.p2\pool\plugins\org.eclipse.m2e.maven.runtime_3.9.500.20231113-2345\jars\maven-resolver-api-1.9.16.jar
2024-01-15 19:18:20,178 [Worker-10: Launching mavenrun-6271473b-4017-4686-8237-b085c5f42f38] INFO  o.eclipse.m2e.core.internal.Bundles - 	Entry: C:\Users\WIN 10\.p2\pool\plugins\org.eclipse.m2e.maven.runtime_3.9.500.20231113-2345\jars\maven-resolver-connector-basic-1.9.16.jar
2024-01-15 19:18:20,178 [Worker-10: Launching mavenrun-6271473b-4017-4686-8237-b085c5f42f38] INFO  o.eclipse.m2e.core.internal.Bundles - 	Entry: C:\Users\WIN 10\.p2\pool\plugins\org.eclipse.m2e.maven.runtime_3.9.500.20231113-2345\jars\maven-resolver-impl-1.9.16.jar
2024-01-15 19:18:20,178 [Worker-10: Launching mavenrun-6271473b-4017-4686-8237-b085c5f42f38] INFO  o.eclipse.m2e.core.internal.Bundles - 	Entry: C:\Users\WIN 10\.p2\pool\plugins\org.eclipse.m2e.maven.runtime_3.9.500.20231113-2345\jars\maven-resolver-named-locks-1.9.16.jar
2024-01-15 19:18:20,179 [Worker-10: Launching mavenrun-6271473b-4017-4686-8237-b085c5f42f38] INFO  o.eclipse.m2e.core.internal.Bundles - 	Entry: C:\Users\WIN 10\.p2\pool\plugins\org.eclipse.m2e.maven.runtime_3.9.500.20231113-2345\jars\maven-resolver-provider-3.9.5.jar
2024-01-15 19:18:20,179 [Worker-10: Launching mavenrun-6271473b-4017-4686-8237-b085c5f42f38] INFO  o.eclipse.m2e.core.internal.Bundles - 	Entry: C:\Users\WIN 10\.p2\pool\plugins\org.eclipse.m2e.maven.runtime_3.9.500.20231113-2345\jars\maven-resolver-spi-1.9.16.jar
2024-01-15 19:18:20,180 [Worker-10: Launching mavenrun-6271473b-4017-4686-8237-b085c5f42f38] INFO  o.eclipse.m2e.core.internal.Bundles - 	Entry: C:\Users\WIN 10\.p2\pool\plugins\org.eclipse.m2e.maven.runtime_3.9.500.20231113-2345\jars\maven-resolver-transport-file-1.9.16.jar
2024-01-15 19:18:20,180 [Worker-10: Launching mavenrun-6271473b-4017-4686-8237-b085c5f42f38] INFO  o.eclipse.m2e.core.internal.Bundles - 	Entry: C:\Users\WIN 10\.p2\pool\plugins\org.eclipse.m2e.maven.runtime_3.9.500.20231113-2345\jars\maven-resolver-transport-http-1.9.16.jar
2024-01-15 19:18:20,181 [Worker-10: Launching mavenrun-6271473b-4017-4686-8237-b085c5f42f38] INFO  o.eclipse.m2e.core.internal.Bundles - 	Entry: C:\Users\WIN 10\.p2\pool\plugins\org.eclipse.m2e.maven.runtime_3.9.500.20231113-2345\jars\maven-resolver-transport-wagon-1.9.16.jar
2024-01-15 19:18:20,181 [Worker-10: Launching mavenrun-6271473b-4017-4686-8237-b085c5f42f38] INFO  o.eclipse.m2e.core.internal.Bundles - 	Entry: C:\Users\WIN 10\.p2\pool\plugins\org.eclipse.m2e.maven.runtime_3.9.500.20231113-2345\jars\maven-resolver-util-1.9.16.jar
2024-01-15 19:18:20,181 [Worker-10: Launching mavenrun-6271473b-4017-4686-8237-b085c5f42f38] INFO  o.eclipse.m2e.core.internal.Bundles - 	Entry: C:\Users\WIN 10\.p2\pool\plugins\org.eclipse.m2e.maven.runtime_3.9.500.20231113-2345\jars\maven-settings-3.9.5.jar
2024-01-15 19:18:20,182 [Worker-10: Launching mavenrun-6271473b-4017-4686-8237-b085c5f42f38] INFO  o.eclipse.m2e.core.internal.Bundles - 	Entry: C:\Users\WIN 10\.p2\pool\plugins\org.eclipse.m2e.maven.runtime_3.9.500.20231113-2345\jars\maven-settings-builder-3.9.5.jar
2024-01-15 19:18:20,182 [Worker-10: Launching mavenrun-6271473b-4017-4686-8237-b085c5f42f38] INFO  o.eclipse.m2e.core.internal.Bundles - 	Entry: C:\Users\WIN 10\.p2\pool\plugins\org.eclipse.m2e.maven.runtime_3.9.500.20231113-2345\jars\maven-shared-utils-3.3.4.jar
2024-01-15 19:18:20,183 [Worker-10: Launching mavenrun-6271473b-4017-4686-8237-b085c5f42f38] INFO  o.eclipse.m2e.core.internal.Bundles - 	Entry: C:\Users\WIN 10\.p2\pool\plugins\org.eclipse.m2e.maven.runtime_3.9.500.20231113-2345\jars\org.eclipse.sisu.inject-0.3.5.jar
2024-01-15 19:18:20,183 [Worker-10: Launching mavenrun-6271473b-4017-4686-8237-b085c5f42f38] INFO  o.eclipse.m2e.core.internal.Bundles - 	Entry: C:\Users\WIN 10\.p2\pool\plugins\org.eclipse.m2e.maven.runtime_3.9.500.20231113-2345\jars\org.eclipse.sisu.plexus-0.3.5.jar
2024-01-15 19:18:20,184 [Worker-10: Launching mavenrun-6271473b-4017-4686-8237-b085c5f42f38] INFO  o.eclipse.m2e.core.internal.Bundles - 	Entry: C:\Users\WIN 10\.p2\pool\plugins\org.eclipse.m2e.maven.runtime_3.9.500.20231113-2345\jars\plexus-build-api-0.0.7.jar
2024-01-15 19:18:20,184 [Worker-10: Launching mavenrun-6271473b-4017-4686-8237-b085c5f42f38] INFO  o.eclipse.m2e.core.internal.Bundles - 	Entry: C:\Users\WIN 10\.p2\pool\plugins\org.eclipse.m2e.maven.runtime_3.9.500.20231113-2345\jars\plexus-cipher-2.0.jar
2024-01-15 19:18:20,184 [Worker-10: Launching mavenrun-6271473b-4017-4686-8237-b085c5f42f38] INFO  o.eclipse.m2e.core.internal.Bundles - 	Entry: C:\Users\WIN 10\.p2\pool\plugins\org.eclipse.m2e.maven.runtime_3.9.500.20231113-2345\jars\plexus-classworlds-2.7.0.jar
2024-01-15 19:18:20,185 [Worker-10: Launching mavenrun-6271473b-4017-4686-8237-b085c5f42f38] INFO  o.eclipse.m2e.core.internal.Bundles - 	Entry: C:\Users\WIN 10\.p2\pool\plugins\org.eclipse.m2e.maven.runtime_3.9.500.20231113-2345\jars\plexus-component-annotations-2.1.0.jar
2024-01-15 19:18:20,185 [Worker-10: Launching mavenrun-6271473b-4017-4686-8237-b085c5f42f38] INFO  o.eclipse.m2e.core.internal.Bundles - 	Entry: C:\Users\WIN 10\.p2\pool\plugins\org.eclipse.m2e.maven.runtime_3.9.500.20231113-2345\jars\plexus-interpolation-1.26.jar
2024-01-15 19:18:20,185 [Worker-10: Launching mavenrun-6271473b-4017-4686-8237-b085c5f42f38] INFO  o.eclipse.m2e.core.internal.Bundles - 	Entry: C:\Users\WIN 10\.p2\pool\plugins\org.eclipse.m2e.maven.runtime_3.9.500.20231113-2345\jars\plexus-sec-dispatcher-2.0.jar
2024-01-15 19:18:20,186 [Worker-10: Launching mavenrun-6271473b-4017-4686-8237-b085c5f42f38] INFO  o.eclipse.m2e.core.internal.Bundles - 	Entry: C:\Users\WIN 10\.p2\pool\plugins\org.eclipse.m2e.maven.runtime_3.9.500.20231113-2345\jars\plexus-utils-3.5.1.jar
2024-01-15 19:18:20,187 [Worker-10: Launching mavenrun-6271473b-4017-4686-8237-b085c5f42f38] INFO  o.eclipse.m2e.core.internal.Bundles - 	Entry: C:\Users\WIN 10\.p2\pool\plugins\org.eclipse.m2e.maven.runtime_3.9.500.20231113-2345\jars\wagon-file-3.5.3.jar
2024-01-15 19:18:20,188 [Worker-10: Launching mavenrun-6271473b-4017-4686-8237-b085c5f42f38] INFO  o.eclipse.m2e.core.internal.Bundles - 	Entry: C:\Users\WIN 10\.p2\pool\plugins\org.eclipse.m2e.maven.runtime_3.9.500.20231113-2345\jars\wagon-http-3.5.3.jar
2024-01-15 19:18:20,188 [Worker-10: Launching mavenrun-6271473b-4017-4686-8237-b085c5f42f38] INFO  o.eclipse.m2e.core.internal.Bundles - 	Entry: C:\Users\WIN 10\.p2\pool\plugins\org.eclipse.m2e.maven.runtime_3.9.500.20231113-2345\jars\wagon-http-shared-3.5.3.jar
2024-01-15 19:18:20,188 [Worker-10: Launching mavenrun-6271473b-4017-4686-8237-b085c5f42f38] INFO  o.eclipse.m2e.core.internal.Bundles - 	Entry: C:\Users\WIN 10\.p2\pool\plugins\org.eclipse.m2e.maven.runtime_3.9.500.20231113-2345\jars\wagon-provider-api-3.5.3.jar
2024-01-15 19:18:20,191 [Worker-10: Launching mavenrun-6271473b-4017-4686-8237-b085c5f42f38] INFO  o.eclipse.m2e.core.internal.Bundles - getClasspathEntries(Bundle=com.google.guava_32.1.3.jre [1159])
2024-01-15 19:18:20,192 [Worker-10: Launching mavenrun-6271473b-4017-4686-8237-b085c5f42f38] INFO  o.eclipse.m2e.core.internal.Bundles - 	Entry: C:\Users\WIN 10\.p2\pool\plugins\com.google.guava_32.1.3.jre.jar
2024-01-15 19:18:20,192 [Worker-10: Launching mavenrun-6271473b-4017-4686-8237-b085c5f42f38] INFO  o.eclipse.m2e.core.internal.Bundles - getClasspathEntries(Bundle=slf4j.api_2.0.9 [982])
2024-01-15 19:18:20,193 [Worker-10: Launching mavenrun-6271473b-4017-4686-8237-b085c5f42f38] INFO  o.eclipse.m2e.core.internal.Bundles - 	Entry: C:\Users\WIN 10\.p2\pool\plugins\slf4j.api_2.0.9.jar
2024-01-15 19:18:20,193 [Worker-10: Launching mavenrun-6271473b-4017-4686-8237-b085c5f42f38] INFO  o.eclipse.m2e.core.internal.Bundles - getClasspathEntries(Bundle=javax.inject_1.0.0.v20220405-0441 [38])
2024-01-15 19:18:20,194 [Worker-10: Launching mavenrun-6271473b-4017-4686-8237-b085c5f42f38] INFO  o.eclipse.m2e.core.internal.Bundles - 	Entry: C:\Users\WIN 10\.p2\pool\plugins\javax.inject_1.0.0.v20220405-0441.jar
2024-01-15 19:18:20,194 [Worker-10: Launching mavenrun-6271473b-4017-4686-8237-b085c5f42f38] INFO  o.eclipse.m2e.core.internal.Bundles - getClasspathEntries(Bundle=javax.annotation_1.3.5.v20230504-0748 [1173])
2024-01-15 19:18:20,195 [Worker-10: Launching mavenrun-6271473b-4017-4686-8237-b085c5f42f38] INFO  o.eclipse.m2e.core.internal.Bundles - 	Entry: C:\Users\WIN 10\.p2\pool\plugins\javax.annotation_1.3.5.v20230504-0748.jar
2024-01-15 19:18:20,195 [Worker-10: Launching mavenrun-6271473b-4017-4686-8237-b085c5f42f38] INFO  o.eclipse.m2e.core.internal.Bundles - getClasspathEntries(Bundle=org.apache.commons.cli_1.6.0 [1194])
2024-01-15 19:18:20,198 [Worker-10: Launching mavenrun-6271473b-4017-4686-8237-b085c5f42f38] INFO  o.eclipse.m2e.core.internal.Bundles - 	Entry: C:\Users\WIN 10\.p2\pool\plugins\org.apache.commons.cli_1.6.0.jar
2024-01-15 19:18:20,198 [Worker-10: Launching mavenrun-6271473b-4017-4686-8237-b085c5f42f38] INFO  o.eclipse.m2e.core.internal.Bundles - getClasspathEntries(Bundle=org.apache.commons.commons-codec_1.16.0 [76])
2024-01-15 19:18:20,200 [Worker-10: Launching mavenrun-6271473b-4017-4686-8237-b085c5f42f38] INFO  o.eclipse.m2e.core.internal.Bundles - 	Entry: C:\Users\WIN 10\.p2\pool\plugins\org.apache.commons.commons-codec_1.16.0.jar
2024-01-15 19:18:20,201 [Worker-10: Launching mavenrun-6271473b-4017-4686-8237-b085c5f42f38] INFO  o.eclipse.m2e.core.internal.Bundles - getClasspathEntries(Bundle=org.apache.commons.lang3_3.13.0 [1198])
2024-01-15 19:18:20,201 [Worker-10: Launching mavenrun-6271473b-4017-4686-8237-b085c5f42f38] INFO  o.eclipse.m2e.core.internal.Bundles - 	Entry: C:\Users\WIN 10\.p2\pool\plugins\org.apache.commons.lang3_3.13.0.jar
2024-01-15 19:18:20,201 [Worker-10: Launching mavenrun-6271473b-4017-4686-8237-b085c5f42f38] INFO  o.eclipse.m2e.core.internal.Bundles - getClasspathEntries(Bundle=com.google.guava.failureaccess_1.0.2 [1160])
2024-01-15 19:18:20,202 [Worker-10: Launching mavenrun-6271473b-4017-4686-8237-b085c5f42f38] INFO  o.eclipse.m2e.core.internal.Bundles - 	Entry: C:\Users\WIN 10\.p2\pool\plugins\com.google.guava.failureaccess_1.0.2.jar
2024-01-15 19:18:20,215 [Worker-10: Launching mavenrun-6271473b-4017-4686-8237-b085c5f42f38] INFO  o.e.m.i.launch.MavenLaunchDelegate - Run build in "C:\Users\WIN10~1\AppData\Local\Temp\m2e-archetypeGenerator15943966473598748730":
2024-01-15 19:18:20,221 [Worker-10: Launching mavenrun-6271473b-4017-4686-8237-b085c5f42f38] INFO  o.e.m.i.launch.MavenLaunchDelegate -  mvn  -DarchetypeGroupId=org.apache.maven.archetypes -DarchetypeArtifactId=maven-archetype-quickstart -DarchetypeVersion=1.1 -DgroupId=com.jsp.application -DartifactId=springproject1 -Dversion=0.0.1-SNAPSHOT -Dpackage=com.jsp.application.springproject1 -DoutputDirectory=E:\eclipse-workspace-spring -Dstyle.color=always -U archetype:generate
2024-01-15 19:18:33,591 [Worker-2: Creating maven-archetype-quickstart] INFO  o.e.m.c.i.p.ProjectConfigurationManager - Collecting project info '/pom.xml' E:\eclipse-workspace-spring\springproject1\pom.xml
2024-01-15 19:18:34,966 [Worker-2: Creating maven-archetype-quickstart] INFO  o.e.m.c.i.l.LifecycleMappingFactory - Using org.eclipse.m2e.jdt.JarLifecycleMapping lifecycle mapping for MavenProject: com.jsp.application:springproject1:0.0.1-SNAPSHOT @ E:\eclipse-workspace-spring\springproject1\pom.xml.
2024-01-15 19:18:36,425 [Worker-2: Creating maven-archetype-quickstart] INFO  o.e.m.j.i.AbstractJavaProjectConfigurator - Adding source folder /springproject1/src/main/java
2024-01-15 19:18:36,426 [Worker-2: Creating maven-archetype-quickstart] INFO  o.e.m.j.i.AbstractJavaProjectConfigurator - Adding resource folder /springproject1/src/main/resources
2024-01-15 19:18:36,444 [Worker-2: Creating maven-archetype-quickstart] INFO  o.e.m.j.i.AbstractJavaProjectConfigurator - Adding source folder /springproject1/src/test/java
2024-01-15 19:18:36,444 [Worker-2: Creating maven-archetype-quickstart] INFO  o.e.m.j.i.AbstractJavaProjectConfigurator - Adding resource folder /springproject1/src/test/resources
2024-01-15 19:18:36,646 [Worker-2: Creating maven-archetype-quickstart] INFO  o.e.m.c.i.p.ProjectConfigurationManager - Imported and configured 1 project(s) in 3 sec
2024-01-15 19:18:38,726 [Worker-1: Building] INFO  o.a.m.s.f.DefaultMavenResourcesFiltering - skip non existing resourceDirectory E:\eclipse-workspace-spring\springproject1\src\main\resources
2024-01-15 19:18:38,733 [Worker-1: Building] INFO  o.a.m.s.f.DefaultMavenResourcesFiltering - skip non existing resourceDirectory E:\eclipse-workspace-spring\springproject1\src\test\resources
2024-01-15 19:19:53,852 [Worker-9: Building] INFO  o.a.m.s.f.DefaultMavenResourcesFiltering - skip non existing resourceDirectory E:\eclipse-workspace-spring\springproject1\src\main\resources
2024-01-15 19:19:53,857 [Worker-9: Building] INFO  o.a.m.s.f.DefaultMavenResourcesFiltering - skip non existing resourceDirectory E:\eclipse-workspace-spring\springproject1\src\test\resources
2024-01-15 19:36:26,985 [main] WARN  org.eclipse.jgit.lib.Repository - close() called when useCnt is already zero for Repository[C:\Users\WIN 10\git\hello\.git]
2024-01-15 19:57:31,393 [Worker-24: Git Repository Change Scanner] WARN  org.eclipse.jgit.lib.Repository - close() called when useCnt is already zero for Repository[C:\Users\WIN 10\git\hello\.git]
2024-01-15 20:52:25,440 [Worker-0: Loading available Gradle versions] INFO  o.e.b.c.i.u.g.PublishedGradleVersions - Gradle version information cache is up-to-date. Trying to read.
2024-01-15 22:19:34,645 [Worker-21: Remove Repositories] WARN  org.eclipse.jgit.lib.Repository - close() called when useCnt is already zero for Repository[C:\Users\WIN 10\git\hello\.git]
2024-01-15 22:36:27,199 [main] WARN  org.eclipse.jgit.lib.Repository - close() called when useCnt is already zero for Repository[C:\Users\WIN 10\git\repository\.git]
2024-01-16 12:55:12,178 [Worker-1: Loading available Gradle versions] INFO  o.e.b.c.i.u.g.PublishedGradleVersions - Gradle version information cache is up-to-date. Trying to read.
2024-01-16 12:55:56,150 [Worker-1: Loading available Gradle versions] INFO  o.e.b.c.i.u.g.PublishedGradleVersions - Gradle version information cache is up-to-date. Trying to read.
2024-02-17 09:58:38,498 [Worker-2: Loading available Gradle versions] INFO  o.e.b.c.i.u.g.PublishedGradleVersions - Gradle version information cache is up-to-date. Trying to read.
