2024-01-29 13:04:02,307 [Worker-1: Loading available Gradle versions] INFO  o.e.b.c.i.u.g.PublishedGradleVersions - Gradle version information cache is up-to-date. Trying to read.
2024-01-30 15:52:15,683 [Worker-3: Loading available Gradle versions] INFO  o.e.b.c.i.u.g.PublishedGradleVersions - Gradle version information cache is out-of-date. Trying to update.
2024-02-17 09:59:45,190 [Worker-2: Loading available Gradle versions] INFO  o.e.b.c.i.u.g.PublishedGradleVersions - Gradle version information cache is up-to-date. Trying to read.
2024-02-17 10:06:23,118 [Worker-14: Building] WARN  o.a.m.s.f.DefaultMavenResourcesFiltering - Using platform encoding (UTF-8 actually) to copy filtered resources, i.e. build is platform dependent!
2024-02-17 10:06:23,128 [Worker-14: Building] INFO  o.a.m.s.f.DefaultMavenResourcesFiltering - Copying 0 resource from src\main\resources to target\classes
2024-02-17 10:06:23,137 [Worker-14: Building] WARN  o.a.m.s.f.DefaultMavenResourcesFiltering - Using platform encoding (UTF-8 actually) to copy filtered resources, i.e. build is platform dependent!
2024-02-17 10:06:23,139 [Worker-14: Building] INFO  o.a.m.s.f.DefaultMavenResourcesFiltering - Copying 0 resource from src\test\resources to target\test-classes
2024-02-17 21:14:42,563 [Worker-3: Loading available Gradle versions] INFO  o.e.b.c.i.u.g.PublishedGradleVersions - Gradle version information cache is out-of-date. Trying to update.
2024-02-17 21:15:33,419 [Worker-4: Launching mavenrun-07cb81a7-7216-4233-a8d7-12b3a8470ec8] INFO  o.eclipse.m2e.core.internal.Bundles - getClasspathEntries(Bundle=org.eclipse.m2e.maven.runtime_3.9.500.20231113-2345 [1521])
2024-02-17 21:15:33,423 [Worker-4: Launching mavenrun-07cb81a7-7216-4233-a8d7-12b3a8470ec8] INFO  o.eclipse.m2e.core.internal.Bundles - 	Entry: C:\Users\WIN 10\.p2\pool\plugins\org.eclipse.m2e.maven.runtime_3.9.500.20231113-2345
2024-02-17 21:15:33,424 [Worker-4: Launching mavenrun-07cb81a7-7216-4233-a8d7-12b3a8470ec8] INFO  o.eclipse.m2e.core.internal.Bundles - 	Entry: C:\Users\WIN 10\.p2\pool\plugins\org.eclipse.m2e.maven.runtime_3.9.500.20231113-2345\jars\aopalliance-1.0.jar
2024-02-17 21:15:33,424 [Worker-4: Launching mavenrun-07cb81a7-7216-4233-a8d7-12b3a8470ec8] INFO  o.eclipse.m2e.core.internal.Bundles - 	Entry: C:\Users\WIN 10\.p2\pool\plugins\org.eclipse.m2e.maven.runtime_3.9.500.20231113-2345\jars\guice-5.1.0.jar
2024-02-17 21:15:33,425 [Worker-4: Launching mavenrun-07cb81a7-7216-4233-a8d7-12b3a8470ec8] INFO  o.eclipse.m2e.core.internal.Bundles - 	Entry: C:\Users\WIN 10\.p2\pool\plugins\org.eclipse.m2e.maven.runtime_3.9.500.20231113-2345\jars\httpclient-4.5.14.jar
2024-02-17 21:15:33,425 [Worker-4: Launching mavenrun-07cb81a7-7216-4233-a8d7-12b3a8470ec8] INFO  o.eclipse.m2e.core.internal.Bundles - 	Entry: C:\Users\WIN 10\.p2\pool\plugins\org.eclipse.m2e.maven.runtime_3.9.500.20231113-2345\jars\httpcore-4.4.16.jar
2024-02-17 21:15:33,425 [Worker-4: Launching mavenrun-07cb81a7-7216-4233-a8d7-12b3a8470ec8] INFO  o.eclipse.m2e.core.internal.Bundles - 	Entry: C:\Users\WIN 10\.p2\pool\plugins\org.eclipse.m2e.maven.runtime_3.9.500.20231113-2345\jars\jansi-2.4.0.jar
2024-02-17 21:15:33,426 [Worker-4: Launching mavenrun-07cb81a7-7216-4233-a8d7-12b3a8470ec8] INFO  o.eclipse.m2e.core.internal.Bundles - 	Entry: C:\Users\WIN 10\.p2\pool\plugins\org.eclipse.m2e.maven.runtime_3.9.500.20231113-2345\jars\jcl-over-slf4j-1.7.36.jar
2024-02-17 21:15:33,426 [Worker-4: Launching mavenrun-07cb81a7-7216-4233-a8d7-12b3a8470ec8] INFO  o.eclipse.m2e.core.internal.Bundles - 	Entry: C:\Users\WIN 10\.p2\pool\plugins\org.eclipse.m2e.maven.runtime_3.9.500.20231113-2345\jars\maven-artifact-3.9.5.jar
2024-02-17 21:15:33,426 [Worker-4: Launching mavenrun-07cb81a7-7216-4233-a8d7-12b3a8470ec8] INFO  o.eclipse.m2e.core.internal.Bundles - 	Entry: C:\Users\WIN 10\.p2\pool\plugins\org.eclipse.m2e.maven.runtime_3.9.500.20231113-2345\jars\maven-builder-support-3.9.5.jar
2024-02-17 21:15:33,427 [Worker-4: Launching mavenrun-07cb81a7-7216-4233-a8d7-12b3a8470ec8] INFO  o.eclipse.m2e.core.internal.Bundles - 	Entry: C:\Users\WIN 10\.p2\pool\plugins\org.eclipse.m2e.maven.runtime_3.9.500.20231113-2345\jars\maven-compat-3.9.5.jar
2024-02-17 21:15:33,427 [Worker-4: Launching mavenrun-07cb81a7-7216-4233-a8d7-12b3a8470ec8] INFO  o.eclipse.m2e.core.internal.Bundles - 	Entry: C:\Users\WIN 10\.p2\pool\plugins\org.eclipse.m2e.maven.runtime_3.9.500.20231113-2345\jars\maven-core-3.9.5.jar
2024-02-17 21:15:33,428 [Worker-4: Launching mavenrun-07cb81a7-7216-4233-a8d7-12b3a8470ec8] INFO  o.eclipse.m2e.core.internal.Bundles - 	Entry: C:\Users\WIN 10\.p2\pool\plugins\org.eclipse.m2e.maven.runtime_3.9.500.20231113-2345\jars\maven-embedder-3.9.5.jar
2024-02-17 21:15:33,428 [Worker-4: Launching mavenrun-07cb81a7-7216-4233-a8d7-12b3a8470ec8] INFO  o.eclipse.m2e.core.internal.Bundles - 	Entry: C:\Users\WIN 10\.p2\pool\plugins\org.eclipse.m2e.maven.runtime_3.9.500.20231113-2345\jars\maven-model-3.9.5.jar
2024-02-17 21:15:33,428 [Worker-4: Launching mavenrun-07cb81a7-7216-4233-a8d7-12b3a8470ec8] INFO  o.eclipse.m2e.core.internal.Bundles - 	Entry: C:\Users\WIN 10\.p2\pool\plugins\org.eclipse.m2e.maven.runtime_3.9.500.20231113-2345\jars\maven-model-builder-3.9.5.jar
2024-02-17 21:15:33,429 [Worker-4: Launching mavenrun-07cb81a7-7216-4233-a8d7-12b3a8470ec8] INFO  o.eclipse.m2e.core.internal.Bundles - 	Entry: C:\Users\WIN 10\.p2\pool\plugins\org.eclipse.m2e.maven.runtime_3.9.500.20231113-2345\jars\maven-plugin-api-3.9.5.jar
2024-02-17 21:15:33,429 [Worker-4: Launching mavenrun-07cb81a7-7216-4233-a8d7-12b3a8470ec8] INFO  o.eclipse.m2e.core.internal.Bundles - 	Entry: C:\Users\WIN 10\.p2\pool\plugins\org.eclipse.m2e.maven.runtime_3.9.500.20231113-2345\jars\maven-repository-metadata-3.9.5.jar
2024-02-17 21:15:33,430 [Worker-4: Launching mavenrun-07cb81a7-7216-4233-a8d7-12b3a8470ec8] INFO  o.eclipse.m2e.core.internal.Bundles - 	Entry: C:\Users\WIN 10\.p2\pool\plugins\org.eclipse.m2e.maven.runtime_3.9.500.20231113-2345\jars\maven-resolver-api-1.9.16.jar
2024-02-17 21:15:33,430 [Worker-4: Launching mavenrun-07cb81a7-7216-4233-a8d7-12b3a8470ec8] INFO  o.eclipse.m2e.core.internal.Bundles - 	Entry: C:\Users\WIN 10\.p2\pool\plugins\org.eclipse.m2e.maven.runtime_3.9.500.20231113-2345\jars\maven-resolver-connector-basic-1.9.16.jar
2024-02-17 21:15:33,430 [Worker-4: Launching mavenrun-07cb81a7-7216-4233-a8d7-12b3a8470ec8] INFO  o.eclipse.m2e.core.internal.Bundles - 	Entry: C:\Users\WIN 10\.p2\pool\plugins\org.eclipse.m2e.maven.runtime_3.9.500.20231113-2345\jars\maven-resolver-impl-1.9.16.jar
2024-02-17 21:15:33,431 [Worker-4: Launching mavenrun-07cb81a7-7216-4233-a8d7-12b3a8470ec8] INFO  o.eclipse.m2e.core.internal.Bundles - 	Entry: C:\Users\WIN 10\.p2\pool\plugins\org.eclipse.m2e.maven.runtime_3.9.500.20231113-2345\jars\maven-resolver-named-locks-1.9.16.jar
2024-02-17 21:15:33,431 [Worker-4: Launching mavenrun-07cb81a7-7216-4233-a8d7-12b3a8470ec8] INFO  o.eclipse.m2e.core.internal.Bundles - 	Entry: C:\Users\WIN 10\.p2\pool\plugins\org.eclipse.m2e.maven.runtime_3.9.500.20231113-2345\jars\maven-resolver-provider-3.9.5.jar
2024-02-17 21:15:33,431 [Worker-4: Launching mavenrun-07cb81a7-7216-4233-a8d7-12b3a8470ec8] INFO  o.eclipse.m2e.core.internal.Bundles - 	Entry: C:\Users\WIN 10\.p2\pool\plugins\org.eclipse.m2e.maven.runtime_3.9.500.20231113-2345\jars\maven-resolver-spi-1.9.16.jar
2024-02-17 21:15:33,432 [Worker-4: Launching mavenrun-07cb81a7-7216-4233-a8d7-12b3a8470ec8] INFO  o.eclipse.m2e.core.internal.Bundles - 	Entry: C:\Users\WIN 10\.p2\pool\plugins\org.eclipse.m2e.maven.runtime_3.9.500.20231113-2345\jars\maven-resolver-transport-file-1.9.16.jar
2024-02-17 21:15:33,432 [Worker-4: Launching mavenrun-07cb81a7-7216-4233-a8d7-12b3a8470ec8] INFO  o.eclipse.m2e.core.internal.Bundles - 	Entry: C:\Users\WIN 10\.p2\pool\plugins\org.eclipse.m2e.maven.runtime_3.9.500.20231113-2345\jars\maven-resolver-transport-http-1.9.16.jar
2024-02-17 21:15:33,432 [Worker-4: Launching mavenrun-07cb81a7-7216-4233-a8d7-12b3a8470ec8] INFO  o.eclipse.m2e.core.internal.Bundles - 	Entry: C:\Users\WIN 10\.p2\pool\plugins\org.eclipse.m2e.maven.runtime_3.9.500.20231113-2345\jars\maven-resolver-transport-wagon-1.9.16.jar
2024-02-17 21:15:33,433 [Worker-4: Launching mavenrun-07cb81a7-7216-4233-a8d7-12b3a8470ec8] INFO  o.eclipse.m2e.core.internal.Bundles - 	Entry: C:\Users\WIN 10\.p2\pool\plugins\org.eclipse.m2e.maven.runtime_3.9.500.20231113-2345\jars\maven-resolver-util-1.9.16.jar
2024-02-17 21:15:33,433 [Worker-4: Launching mavenrun-07cb81a7-7216-4233-a8d7-12b3a8470ec8] INFO  o.eclipse.m2e.core.internal.Bundles - 	Entry: C:\Users\WIN 10\.p2\pool\plugins\org.eclipse.m2e.maven.runtime_3.9.500.20231113-2345\jars\maven-settings-3.9.5.jar
2024-02-17 21:15:33,433 [Worker-4: Launching mavenrun-07cb81a7-7216-4233-a8d7-12b3a8470ec8] INFO  o.eclipse.m2e.core.internal.Bundles - 	Entry: C:\Users\WIN 10\.p2\pool\plugins\org.eclipse.m2e.maven.runtime_3.9.500.20231113-2345\jars\maven-settings-builder-3.9.5.jar
2024-02-17 21:15:33,434 [Worker-4: Launching mavenrun-07cb81a7-7216-4233-a8d7-12b3a8470ec8] INFO  o.eclipse.m2e.core.internal.Bundles - 	Entry: C:\Users\WIN 10\.p2\pool\plugins\org.eclipse.m2e.maven.runtime_3.9.500.20231113-2345\jars\maven-shared-utils-3.3.4.jar
2024-02-17 21:15:33,434 [Worker-4: Launching mavenrun-07cb81a7-7216-4233-a8d7-12b3a8470ec8] INFO  o.eclipse.m2e.core.internal.Bundles - 	Entry: C:\Users\WIN 10\.p2\pool\plugins\org.eclipse.m2e.maven.runtime_3.9.500.20231113-2345\jars\org.eclipse.sisu.inject-0.3.5.jar
2024-02-17 21:15:33,434 [Worker-4: Launching mavenrun-07cb81a7-7216-4233-a8d7-12b3a8470ec8] INFO  o.eclipse.m2e.core.internal.Bundles - 	Entry: C:\Users\WIN 10\.p2\pool\plugins\org.eclipse.m2e.maven.runtime_3.9.500.20231113-2345\jars\org.eclipse.sisu.plexus-0.3.5.jar
2024-02-17 21:15:33,435 [Worker-4: Launching mavenrun-07cb81a7-7216-4233-a8d7-12b3a8470ec8] INFO  o.eclipse.m2e.core.internal.Bundles - 	Entry: C:\Users\WIN 10\.p2\pool\plugins\org.eclipse.m2e.maven.runtime_3.9.500.20231113-2345\jars\plexus-build-api-0.0.7.jar
2024-02-17 21:15:33,435 [Worker-4: Launching mavenrun-07cb81a7-7216-4233-a8d7-12b3a8470ec8] INFO  o.eclipse.m2e.core.internal.Bundles - 	Entry: C:\Users\WIN 10\.p2\pool\plugins\org.eclipse.m2e.maven.runtime_3.9.500.20231113-2345\jars\plexus-cipher-2.0.jar
2024-02-17 21:15:33,435 [Worker-4: Launching mavenrun-07cb81a7-7216-4233-a8d7-12b3a8470ec8] INFO  o.eclipse.m2e.core.internal.Bundles - 	Entry: C:\Users\WIN 10\.p2\pool\plugins\org.eclipse.m2e.maven.runtime_3.9.500.20231113-2345\jars\plexus-classworlds-2.7.0.jar
2024-02-17 21:15:33,436 [Worker-4: Launching mavenrun-07cb81a7-7216-4233-a8d7-12b3a8470ec8] INFO  o.eclipse.m2e.core.internal.Bundles - 	Entry: C:\Users\WIN 10\.p2\pool\plugins\org.eclipse.m2e.maven.runtime_3.9.500.20231113-2345\jars\plexus-component-annotations-2.1.0.jar
2024-02-17 21:15:33,436 [Worker-4: Launching mavenrun-07cb81a7-7216-4233-a8d7-12b3a8470ec8] INFO  o.eclipse.m2e.core.internal.Bundles - 	Entry: C:\Users\WIN 10\.p2\pool\plugins\org.eclipse.m2e.maven.runtime_3.9.500.20231113-2345\jars\plexus-interpolation-1.26.jar
2024-02-17 21:15:33,436 [Worker-4: Launching mavenrun-07cb81a7-7216-4233-a8d7-12b3a8470ec8] INFO  o.eclipse.m2e.core.internal.Bundles - 	Entry: C:\Users\WIN 10\.p2\pool\plugins\org.eclipse.m2e.maven.runtime_3.9.500.20231113-2345\jars\plexus-sec-dispatcher-2.0.jar
2024-02-17 21:15:33,437 [Worker-4: Launching mavenrun-07cb81a7-7216-4233-a8d7-12b3a8470ec8] INFO  o.eclipse.m2e.core.internal.Bundles - 	Entry: C:\Users\WIN 10\.p2\pool\plugins\org.eclipse.m2e.maven.runtime_3.9.500.20231113-2345\jars\plexus-utils-3.5.1.jar
2024-02-17 21:15:33,437 [Worker-4: Launching mavenrun-07cb81a7-7216-4233-a8d7-12b3a8470ec8] INFO  o.eclipse.m2e.core.internal.Bundles - 	Entry: C:\Users\WIN 10\.p2\pool\plugins\org.eclipse.m2e.maven.runtime_3.9.500.20231113-2345\jars\wagon-file-3.5.3.jar
2024-02-17 21:15:33,438 [Worker-4: Launching mavenrun-07cb81a7-7216-4233-a8d7-12b3a8470ec8] INFO  o.eclipse.m2e.core.internal.Bundles - 	Entry: C:\Users\WIN 10\.p2\pool\plugins\org.eclipse.m2e.maven.runtime_3.9.500.20231113-2345\jars\wagon-http-3.5.3.jar
2024-02-17 21:15:33,438 [Worker-4: Launching mavenrun-07cb81a7-7216-4233-a8d7-12b3a8470ec8] INFO  o.eclipse.m2e.core.internal.Bundles - 	Entry: C:\Users\WIN 10\.p2\pool\plugins\org.eclipse.m2e.maven.runtime_3.9.500.20231113-2345\jars\wagon-http-shared-3.5.3.jar
2024-02-17 21:15:33,438 [Worker-4: Launching mavenrun-07cb81a7-7216-4233-a8d7-12b3a8470ec8] INFO  o.eclipse.m2e.core.internal.Bundles - 	Entry: C:\Users\WIN 10\.p2\pool\plugins\org.eclipse.m2e.maven.runtime_3.9.500.20231113-2345\jars\wagon-provider-api-3.5.3.jar
2024-02-17 21:15:33,441 [Worker-4: Launching mavenrun-07cb81a7-7216-4233-a8d7-12b3a8470ec8] INFO  o.eclipse.m2e.core.internal.Bundles - getClasspathEntries(Bundle=com.google.guava_32.1.3.jre [1159])
2024-02-17 21:15:33,442 [Worker-4: Launching mavenrun-07cb81a7-7216-4233-a8d7-12b3a8470ec8] INFO  o.eclipse.m2e.core.internal.Bundles - 	Entry: C:\Users\WIN 10\.p2\pool\plugins\com.google.guava_32.1.3.jre.jar
2024-02-17 21:15:33,442 [Worker-4: Launching mavenrun-07cb81a7-7216-4233-a8d7-12b3a8470ec8] INFO  o.eclipse.m2e.core.internal.Bundles - getClasspathEntries(Bundle=slf4j.api_2.0.9 [982])
2024-02-17 21:15:33,443 [Worker-4: Launching mavenrun-07cb81a7-7216-4233-a8d7-12b3a8470ec8] INFO  o.eclipse.m2e.core.internal.Bundles - 	Entry: C:\Users\WIN 10\.p2\pool\plugins\slf4j.api_2.0.9.jar
2024-02-17 21:15:33,443 [Worker-4: Launching mavenrun-07cb81a7-7216-4233-a8d7-12b3a8470ec8] INFO  o.eclipse.m2e.core.internal.Bundles - getClasspathEntries(Bundle=javax.inject_1.0.0.v20220405-0441 [38])
2024-02-17 21:15:33,443 [Worker-4: Launching mavenrun-07cb81a7-7216-4233-a8d7-12b3a8470ec8] INFO  o.eclipse.m2e.core.internal.Bundles - 	Entry: C:\Users\WIN 10\.p2\pool\plugins\javax.inject_1.0.0.v20220405-0441.jar
2024-02-17 21:15:33,444 [Worker-4: Launching mavenrun-07cb81a7-7216-4233-a8d7-12b3a8470ec8] INFO  o.eclipse.m2e.core.internal.Bundles - getClasspathEntries(Bundle=javax.annotation_1.3.5.v20230504-0748 [1173])
2024-02-17 21:15:33,444 [Worker-4: Launching mavenrun-07cb81a7-7216-4233-a8d7-12b3a8470ec8] INFO  o.eclipse.m2e.core.internal.Bundles - 	Entry: C:\Users\WIN 10\.p2\pool\plugins\javax.annotation_1.3.5.v20230504-0748.jar
2024-02-17 21:15:33,444 [Worker-4: Launching mavenrun-07cb81a7-7216-4233-a8d7-12b3a8470ec8] INFO  o.eclipse.m2e.core.internal.Bundles - getClasspathEntries(Bundle=org.apache.commons.cli_1.6.0 [1194])
2024-02-17 21:15:33,445 [Worker-4: Launching mavenrun-07cb81a7-7216-4233-a8d7-12b3a8470ec8] INFO  o.eclipse.m2e.core.internal.Bundles - 	Entry: C:\Users\WIN 10\.p2\pool\plugins\org.apache.commons.cli_1.6.0.jar
2024-02-17 21:15:33,446 [Worker-4: Launching mavenrun-07cb81a7-7216-4233-a8d7-12b3a8470ec8] INFO  o.eclipse.m2e.core.internal.Bundles - getClasspathEntries(Bundle=org.apache.commons.commons-codec_1.16.0 [76])
2024-02-17 21:15:33,446 [Worker-4: Launching mavenrun-07cb81a7-7216-4233-a8d7-12b3a8470ec8] INFO  o.eclipse.m2e.core.internal.Bundles - 	Entry: C:\Users\WIN 10\.p2\pool\plugins\org.apache.commons.commons-codec_1.16.0.jar
2024-02-17 21:15:33,447 [Worker-4: Launching mavenrun-07cb81a7-7216-4233-a8d7-12b3a8470ec8] INFO  o.eclipse.m2e.core.internal.Bundles - getClasspathEntries(Bundle=org.apache.commons.lang3_3.13.0 [1198])
2024-02-17 21:15:33,447 [Worker-4: Launching mavenrun-07cb81a7-7216-4233-a8d7-12b3a8470ec8] INFO  o.eclipse.m2e.core.internal.Bundles - 	Entry: C:\Users\WIN 10\.p2\pool\plugins\org.apache.commons.lang3_3.13.0.jar
2024-02-17 21:15:33,448 [Worker-4: Launching mavenrun-07cb81a7-7216-4233-a8d7-12b3a8470ec8] INFO  o.eclipse.m2e.core.internal.Bundles - getClasspathEntries(Bundle=com.google.guava.failureaccess_1.0.2 [1160])
2024-02-17 21:15:33,448 [Worker-4: Launching mavenrun-07cb81a7-7216-4233-a8d7-12b3a8470ec8] INFO  o.eclipse.m2e.core.internal.Bundles - 	Entry: C:\Users\WIN 10\.p2\pool\plugins\com.google.guava.failureaccess_1.0.2.jar
2024-02-17 21:15:33,458 [Worker-4: Launching mavenrun-07cb81a7-7216-4233-a8d7-12b3a8470ec8] INFO  o.e.m.i.launch.MavenLaunchDelegate - Run build in "C:\Users\WIN10~1\AppData\Local\Temp\m2e-archetypeGenerator15481162768858568313":
2024-02-17 21:15:33,465 [Worker-4: Launching mavenrun-07cb81a7-7216-4233-a8d7-12b3a8470ec8] INFO  o.e.m.i.launch.MavenLaunchDelegate -  mvn  -DarchetypeGroupId=org.apache.maven.archetypes -DarchetypeArtifactId=maven-archetype-quickstart -DarchetypeVersion=1.1 -DgroupId=com.jsp.gmail -DartifactId=gmailproject -Dversion=0.0.1-SNAPSHOT -Dpackage=com.jsp.gmail -DoutputDirectory=E:\spring-mvc-framework -Dstyle.color=always -U archetype:generate
2024-02-17 21:16:03,021 [Worker-11: Creating maven-archetype-quickstart] INFO  o.e.m.c.i.p.ProjectConfigurationManager - Collecting project info '/pom.xml' E:\spring-mvc-framework\gmailproject\pom.xml
2024-02-17 21:16:04,243 [Worker-11: Creating maven-archetype-quickstart] INFO  o.e.m.c.i.l.LifecycleMappingFactory - Using org.eclipse.m2e.jdt.JarLifecycleMapping lifecycle mapping for MavenProject: com.jsp.gmail:gmailproject:0.0.1-SNAPSHOT @ E:\spring-mvc-framework\gmailproject\pom.xml.
2024-02-17 21:16:05,316 [Worker-11: Creating maven-archetype-quickstart] INFO  o.e.m.j.i.AbstractJavaProjectConfigurator - Adding source folder /gmailproject/src/main/java
2024-02-17 21:16:05,317 [Worker-11: Creating maven-archetype-quickstart] INFO  o.e.m.j.i.AbstractJavaProjectConfigurator - Adding resource folder /gmailproject/src/main/resources
2024-02-17 21:16:05,324 [Worker-11: Creating maven-archetype-quickstart] INFO  o.e.m.j.i.AbstractJavaProjectConfigurator - Adding source folder /gmailproject/src/test/java
2024-02-17 21:16:05,324 [Worker-11: Creating maven-archetype-quickstart] INFO  o.e.m.j.i.AbstractJavaProjectConfigurator - Adding resource folder /gmailproject/src/test/resources
2024-02-17 21:16:05,533 [Worker-11: Creating maven-archetype-quickstart] INFO  o.e.m.c.i.p.ProjectConfigurationManager - Imported and configured 1 project(s) in 2 sec
2024-02-17 21:16:06,424 [Worker-9: Building] INFO  o.a.m.s.f.DefaultMavenResourcesFiltering - skip non existing resourceDirectory E:\spring-mvc-framework\gmailproject\src\main\resources
2024-02-17 21:16:06,433 [Worker-9: Building] INFO  o.a.m.s.f.DefaultMavenResourcesFiltering - skip non existing resourceDirectory E:\spring-mvc-framework\gmailproject\src\test\resources
2024-02-17 21:16:37,957 [Worker-10: Building] INFO  o.e.m.c.i.l.LifecycleMappingFactory - Using org.eclipse.m2e.jdt.JarLifecycleMapping lifecycle mapping for MavenProject: com.jsp.gmail:gmailproject:0.0.1-SNAPSHOT @ E:\spring-mvc-framework\gmailproject\pom.xml.
2024-02-17 21:17:17,167 [Worker-13: Building] INFO  o.e.m.c.i.l.LifecycleMappingFactory - Using org.eclipse.m2e.jdt.JarLifecycleMapping lifecycle mapping for MavenProject: com.jsp.gmail:gmailproject:0.0.1-SNAPSHOT @ E:\spring-mvc-framework\gmailproject\pom.xml.
2024-02-17 21:17:17,430 [Worker-13: Building] INFO  o.a.m.s.f.DefaultMavenResourcesFiltering - skip non existing resourceDirectory E:\spring-mvc-framework\gmailproject\src\main\resources
2024-02-17 21:17:17,437 [Worker-13: Building] INFO  o.a.m.s.f.DefaultMavenResourcesFiltering - skip non existing resourceDirectory E:\spring-mvc-framework\gmailproject\src\test\resources
2024-02-17 21:17:37,325 [Worker-7: Updating Maven Project] INFO  o.e.m.c.i.p.ProjectConfigurationManager - Update started
2024-02-17 21:17:37,660 [Worker-7: Updating Maven Project] INFO  o.e.m.c.i.l.LifecycleMappingFactory - Using org.eclipse.m2e.jdt.JarLifecycleMapping lifecycle mapping for MavenProject: com.jsp.gmail:gmailproject:0.0.1-SNAPSHOT @ E:\spring-mvc-framework\gmailproject\pom.xml.
2024-02-17 21:17:38,268 [Worker-7: Updating Maven Project] INFO  o.e.m.j.i.AbstractJavaProjectConfigurator - Adding source folder /gmailproject/src/main/java
2024-02-17 21:17:38,269 [Worker-7: Updating Maven Project] INFO  o.e.m.j.i.AbstractJavaProjectConfigurator - Adding resource folder /gmailproject/src/main/resources
2024-02-17 21:17:38,270 [Worker-7: Updating Maven Project] INFO  o.e.m.j.i.AbstractJavaProjectConfigurator - Adding source folder /gmailproject/src/test/java
2024-02-17 21:17:38,270 [Worker-7: Updating Maven Project] INFO  o.e.m.j.i.AbstractJavaProjectConfigurator - Adding resource folder /gmailproject/src/test/resources
2024-02-17 21:17:38,563 [Worker-7: Updating Maven Project] INFO  o.e.m.c.i.p.ProjectConfigurationManager - Update completed for 1 poms: local refresh takes 0.00 sec, refresh facades takes 0.00 sec, update config takes 0.00 sec 
2024-02-17 21:17:39,241 [Worker-0: Building] INFO  o.a.m.s.f.DefaultMavenResourcesFiltering - skip non existing resourceDirectory E:\spring-mvc-framework\gmailproject\src\main\resources
2024-02-17 21:17:39,258 [Worker-0: Building] INFO  o.a.m.s.f.DefaultMavenResourcesFiltering - skip non existing resourceDirectory E:\spring-mvc-framework\gmailproject\src\test\resources
2024-02-17 21:18:06,600 [Worker-3: Building] INFO  o.a.m.s.f.DefaultMavenResourcesFiltering - skip non existing resourceDirectory E:\spring-mvc-framework\gmailproject\src\main\resources
2024-02-17 21:18:06,604 [Worker-3: Building] INFO  o.a.m.s.f.DefaultMavenResourcesFiltering - skip non existing resourceDirectory E:\spring-mvc-framework\gmailproject\src\test\resources
2024-02-17 21:18:20,448 [Worker-11: Building] INFO  o.a.m.s.f.DefaultMavenResourcesFiltering - skip non existing resourceDirectory E:\spring-mvc-framework\gmailproject\src\main\resources
2024-02-17 21:18:20,453 [Worker-11: Building] INFO  o.a.m.s.f.DefaultMavenResourcesFiltering - skip non existing resourceDirectory E:\spring-mvc-framework\gmailproject\src\test\resources
2024-02-17 21:19:01,985 [Worker-4: Building] INFO  o.a.m.s.f.DefaultMavenResourcesFiltering - skip non existing resourceDirectory E:\spring-mvc-framework\gmailproject\src\main\resources
2024-02-17 21:19:01,990 [Worker-4: Building] INFO  o.a.m.s.f.DefaultMavenResourcesFiltering - skip non existing resourceDirectory E:\spring-mvc-framework\gmailproject\src\test\resources
2024-02-17 21:19:16,844 [Worker-14: Updating Maven Project] INFO  o.e.m.c.i.p.ProjectConfigurationManager - Update started
2024-02-17 21:19:17,188 [Worker-14: Updating Maven Project] INFO  o.e.m.c.i.l.LifecycleMappingFactory - Using org.eclipse.m2e.jdt.JarLifecycleMapping lifecycle mapping for MavenProject: com.jsp.gmail:gmailproject:0.0.1-SNAPSHOT @ E:\spring-mvc-framework\gmailproject\pom.xml.
2024-02-17 21:19:17,421 [Worker-14: Updating Maven Project] INFO  o.e.m.j.i.AbstractJavaProjectConfigurator - Adding source folder /gmailproject/src/main/java
2024-02-17 21:19:17,421 [Worker-14: Updating Maven Project] INFO  o.e.m.j.i.AbstractJavaProjectConfigurator - Adding resource folder /gmailproject/src/main/resources
2024-02-17 21:19:17,422 [Worker-14: Updating Maven Project] INFO  o.e.m.j.i.AbstractJavaProjectConfigurator - Adding source folder /gmailproject/src/test/java
2024-02-17 21:19:17,422 [Worker-14: Updating Maven Project] INFO  o.e.m.j.i.AbstractJavaProjectConfigurator - Adding resource folder /gmailproject/src/test/resources
2024-02-17 21:19:17,614 [Worker-14: Updating Maven Project] INFO  o.e.m.c.i.p.ProjectConfigurationManager - Update completed for 1 poms: local refresh takes 0.00 sec, refresh facades takes 0.00 sec, update config takes 0.00 sec 
2024-02-17 21:19:17,963 [Worker-9: Building] INFO  o.a.m.s.f.DefaultMavenResourcesFiltering - skip non existing resourceDirectory E:\spring-mvc-framework\gmailproject\src\main\resources
2024-02-17 21:19:17,971 [Worker-9: Building] INFO  o.a.m.s.f.DefaultMavenResourcesFiltering - skip non existing resourceDirectory E:\spring-mvc-framework\gmailproject\src\test\resources
2024-02-17 21:19:50,226 [Worker-12: Updating Maven Dependencies] ERROR o.e.m.j.i.l.MavenLaunchConfigurationListener - Launch configuration App references non-existing project gmailproject.
org.eclipse.core.runtime.CoreException: Launch configuration App references non-existing project gmailproject.
	at org.eclipse.jdt.launching.JavaRuntime.abort(JavaRuntime.java:1858)
	at org.eclipse.jdt.launching.JavaRuntime.getJavaProject(JavaRuntime.java:1735)
	at org.eclipse.m2e.jdt.internal.launch.MavenLaunchConfigurationListener.updateLaunchConfiguration(MavenLaunchConfigurationListener.java:64)
	at org.eclipse.m2e.jdt.internal.launch.MavenLaunchConfigurationListener.launchConfigurationChanged(MavenLaunchConfigurationListener.java:50)
	at org.eclipse.debug.internal.core.LaunchManager$ConfigurationNotifier.run(LaunchManager.java:220)
	at org.eclipse.core.runtime.SafeRunner.run(SafeRunner.java:47)
	at org.eclipse.debug.internal.core.LaunchManager$ConfigurationNotifier.notify(LaunchManager.java:204)
	at org.eclipse.debug.internal.core.LaunchConfigurationWorkingCopy.setDirty(LaunchConfigurationWorkingCopy.java:527)
	at org.eclipse.debug.internal.core.LaunchConfigurationWorkingCopy.setAttribute(LaunchConfigurationWorkingCopy.java:415)
	at org.eclipse.m2e.jdt.internal.launch.MavenRuntimeClasspathProvider.disable(MavenRuntimeClasspathProvider.java:409)
	at org.eclipse.m2e.jdt.internal.launch.MavenRuntimeClasspathProvider.disable(MavenRuntimeClasspathProvider.java:435)
	at org.eclipse.m2e.jdt.internal.launch.MavenLaunchConfigurationListener.mavenProjectChanged(MavenLaunchConfigurationListener.java:135)
	at org.eclipse.m2e.core.internal.project.registry.ProjectRegistryManager.notifyProjectChangeListeners(ProjectRegistryManager.java:888)
	at org.eclipse.m2e.core.internal.project.registry.ProjectRegistryManager.applyMutableProjectRegistry(ProjectRegistryManager.java:1040)
	at org.eclipse.m2e.core.internal.project.registry.ProjectRegistryRefreshJob.lambda$0(ProjectRegistryRefreshJob.java:162)
	at org.eclipse.m2e.core.internal.embedder.MavenExecutionContext.executeBare(MavenExecutionContext.java:394)
	at org.eclipse.m2e.core.internal.embedder.MavenExecutionContext.execute(MavenExecutionContext.java:275)
	at org.eclipse.m2e.core.internal.embedder.MavenExecutionContext.execute(MavenExecutionContext.java:214)
	at org.eclipse.m2e.core.internal.project.registry.ProjectRegistryRefreshJob.run(ProjectRegistryRefreshJob.java:106)
	at org.eclipse.core.internal.jobs.Worker.run(Worker.java:63)
2024-02-17 21:19:50,256 [Worker-12: Updating Maven Dependencies] ERROR o.e.m.j.i.l.MavenLaunchConfigurationListener - Launch configuration App references non-existing project gmailproject.
org.eclipse.core.runtime.CoreException: Launch configuration App references non-existing project gmailproject.
	at org.eclipse.jdt.launching.JavaRuntime.abort(JavaRuntime.java:1858)
	at org.eclipse.jdt.launching.JavaRuntime.getJavaProject(JavaRuntime.java:1735)
	at org.eclipse.m2e.jdt.internal.launch.MavenLaunchConfigurationListener.updateLaunchConfiguration(MavenLaunchConfigurationListener.java:64)
	at org.eclipse.m2e.jdt.internal.launch.MavenLaunchConfigurationListener.launchConfigurationChanged(MavenLaunchConfigurationListener.java:50)
	at org.eclipse.debug.internal.core.LaunchManager$ConfigurationNotifier.run(LaunchManager.java:220)
	at org.eclipse.core.runtime.SafeRunner.run(SafeRunner.java:47)
	at org.eclipse.debug.internal.core.LaunchManager$ConfigurationNotifier.notify(LaunchManager.java:204)
	at org.eclipse.debug.internal.core.LaunchConfigurationWorkingCopy.setDirty(LaunchConfigurationWorkingCopy.java:527)
	at org.eclipse.debug.internal.core.LaunchConfigurationWorkingCopy.setAttribute(LaunchConfigurationWorkingCopy.java:415)
	at org.eclipse.m2e.jdt.internal.launch.MavenRuntimeClasspathProvider.disable(MavenRuntimeClasspathProvider.java:410)
	at org.eclipse.m2e.jdt.internal.launch.MavenRuntimeClasspathProvider.disable(MavenRuntimeClasspathProvider.java:435)
	at org.eclipse.m2e.jdt.internal.launch.MavenLaunchConfigurationListener.mavenProjectChanged(MavenLaunchConfigurationListener.java:135)
	at org.eclipse.m2e.core.internal.project.registry.ProjectRegistryManager.notifyProjectChangeListeners(ProjectRegistryManager.java:888)
	at org.eclipse.m2e.core.internal.project.registry.ProjectRegistryManager.applyMutableProjectRegistry(ProjectRegistryManager.java:1040)
	at org.eclipse.m2e.core.internal.project.registry.ProjectRegistryRefreshJob.lambda$0(ProjectRegistryRefreshJob.java:162)
	at org.eclipse.m2e.core.internal.embedder.MavenExecutionContext.executeBare(MavenExecutionContext.java:394)
	at org.eclipse.m2e.core.internal.embedder.MavenExecutionContext.execute(MavenExecutionContext.java:275)
	at org.eclipse.m2e.core.internal.embedder.MavenExecutionContext.execute(MavenExecutionContext.java:214)
	at org.eclipse.m2e.core.internal.project.registry.ProjectRegistryRefreshJob.run(ProjectRegistryRefreshJob.java:106)
	at org.eclipse.core.internal.jobs.Worker.run(Worker.java:63)
2024-02-17 21:19:50,277 [Worker-12: Updating Maven Dependencies] ERROR o.e.m.j.i.l.MavenLaunchConfigurationListener - Launch configuration App references non-existing project gmailproject.
org.eclipse.core.runtime.CoreException: Launch configuration App references non-existing project gmailproject.
	at org.eclipse.jdt.launching.JavaRuntime.abort(JavaRuntime.java:1858)
	at org.eclipse.jdt.launching.JavaRuntime.getJavaProject(JavaRuntime.java:1735)
	at org.eclipse.m2e.jdt.internal.launch.MavenLaunchConfigurationListener.updateLaunchConfiguration(MavenLaunchConfigurationListener.java:64)
	at org.eclipse.m2e.jdt.internal.launch.MavenLaunchConfigurationListener.launchConfigurationChanged(MavenLaunchConfigurationListener.java:50)
	at org.eclipse.debug.internal.core.LaunchManager$ConfigurationNotifier.run(LaunchManager.java:220)
	at org.eclipse.core.runtime.SafeRunner.run(SafeRunner.java:47)
	at org.eclipse.debug.internal.core.LaunchManager$ConfigurationNotifier.notify(LaunchManager.java:204)
	at org.eclipse.debug.internal.core.LaunchManager.launchConfigurationChanged(LaunchManager.java:2010)
	at org.eclipse.debug.internal.core.LaunchConfigurationWorkingCopy.writeNewFile(LaunchConfigurationWorkingCopy.java:380)
	at org.eclipse.debug.internal.core.LaunchConfigurationWorkingCopy.doSave0(LaunchConfigurationWorkingCopy.java:259)
	at org.eclipse.debug.internal.core.LaunchConfigurationWorkingCopy.doSave(LaunchConfigurationWorkingCopy.java:229)
	at org.eclipse.debug.internal.core.LaunchConfigurationWorkingCopy.doSave(LaunchConfigurationWorkingCopy.java:187)
	at org.eclipse.m2e.jdt.internal.launch.MavenRuntimeClasspathProvider.disable(MavenRuntimeClasspathProvider.java:411)
	at org.eclipse.m2e.jdt.internal.launch.MavenRuntimeClasspathProvider.disable(MavenRuntimeClasspathProvider.java:435)
	at org.eclipse.m2e.jdt.internal.launch.MavenLaunchConfigurationListener.mavenProjectChanged(MavenLaunchConfigurationListener.java:135)
	at org.eclipse.m2e.core.internal.project.registry.ProjectRegistryManager.notifyProjectChangeListeners(ProjectRegistryManager.java:888)
	at org.eclipse.m2e.core.internal.project.registry.ProjectRegistryManager.applyMutableProjectRegistry(ProjectRegistryManager.java:1040)
	at org.eclipse.m2e.core.internal.project.registry.ProjectRegistryRefreshJob.lambda$0(ProjectRegistryRefreshJob.java:162)
	at org.eclipse.m2e.core.internal.embedder.MavenExecutionContext.executeBare(MavenExecutionContext.java:394)
	at org.eclipse.m2e.core.internal.embedder.MavenExecutionContext.execute(MavenExecutionContext.java:275)
	at org.eclipse.m2e.core.internal.embedder.MavenExecutionContext.execute(MavenExecutionContext.java:214)
	at org.eclipse.m2e.core.internal.project.registry.ProjectRegistryRefreshJob.run(ProjectRegistryRefreshJob.java:106)
	at org.eclipse.core.internal.jobs.Worker.run(Worker.java:63)
